#
# There is insufficient memory for the Java Runtime Environment to continue.
# Native memory allocation (mmap) failed to map 566231040 bytes for G1 virtual space
# Possible reasons:
#   The system is out of physical RAM or swap space
#   The process is running with CompressedOops enabled, and the Java Heap may be blocking the growth of the native heap
# Possible solutions:
#   Reduce memory load on the system
#   Increase physical memory or swap space
#   Check if swap backing store is full
#   Decrease Java heap size (-Xmx/-Xms)
#   Decrease number of Java threads
#   Decrease Java thread stack sizes (-Xss)
#   Set larger code cache with -XX:ReservedCodeCacheSize=
#   JVM is running with Unscaled Compressed Oops mode in which the Java heap is
#     placed in the first 4GB address space. The Java Heap base address is the
#     maximum limit for the native heap growth. Please use -XX:HeapBaseMinAddress
#     to set the Java Heap base and to place the Java Heap above 4GB virtual address.
# This output file may be truncated or incomplete.
#
#  Out of Memory Error (os_windows.cpp:3769), pid=2832, tid=12964
#
# JRE version: OpenJDK Runtime Environment (17.0.6) (build 17.0.6+0-b2043.56-10027231)
# Java VM: OpenJDK 64-Bit Server VM (17.0.6+0-b2043.56-10027231, mixed mode, tiered, compressed oops, compressed class ptrs, g1 gc, windows-amd64)
# No core dump will be written. Minidumps are not enabled by default on client versions of Windows
#

---------------  S U M M A R Y ------------

Command Line: --add-opens=java.base/java.util=ALL-UNNAMED --add-opens=java.base/java.lang=ALL-UNNAMED --add-opens=java.base/java.lang.invoke=ALL-UNNAMED --add-opens=java.prefs/java.util.prefs=ALL-UNNAMED --add-opens=java.base/java.nio.charset=ALL-UNNAMED --add-opens=java.base/java.net=ALL-UNNAMED --add-opens=java.base/java.util.concurrent.atomic=ALL-UNNAMED -Xmx2048m -Dfile.encoding=UTF-8 -Duser.country=ES -Duser.language=es -Duser.variant org.gradle.launcher.daemon.bootstrap.GradleDaemon 8.0

Host: Intel(R) Core(TM) i5-4570 CPU @ 3.20GHz, 4 cores, 11G,  Windows 10 , 64 bit Build 19041 (10.0.19041.3570)
Time: Mon Nov 20 00:00:32 2023 Hora estándar de Cuba elapsed time: 2115.230098 seconds (0d 0h 35m 15s)

---------------  T H R E A D  ---------------

Current thread (0x000001775101f6f0):  VMThread "VM Thread" [stack: 0x0000001fbcc00000,0x0000001fbcd00000] [id=12964]

Stack: [0x0000001fbcc00000,0x0000001fbcd00000]
Native frames: (J=compiled Java code, j=interpreted, Vv=VM code, C=native code)
V  [jvm.dll+0x683c9a]
V  [jvm.dll+0x8427a4]
V  [jvm.dll+0x843f9e]
V  [jvm.dll+0x844603]
V  [jvm.dll+0x249b75]
V  [jvm.dll+0x680b69]
V  [jvm.dll+0x67505a]
V  [jvm.dll+0x309acb]
V  [jvm.dll+0x310f86]
V  [jvm.dll+0x3608ee]
V  [jvm.dll+0x360b1f]
V  [jvm.dll+0x2dfbf8]
V  [jvm.dll+0x2ddec4]
V  [jvm.dll+0x2dd4cc]
V  [jvm.dll+0x321f3b]
V  [jvm.dll+0x848ccb]
V  [jvm.dll+0x849a04]
V  [jvm.dll+0x849f1d]
V  [jvm.dll+0x84a2f4]
V  [jvm.dll+0x84a3c0]
V  [jvm.dll+0x7f274a]
V  [jvm.dll+0x682ad5]
C  [ucrtbase.dll+0x21bb2]
C  [KERNEL32.DLL+0x17344]
C  [ntdll.dll+0x526b1]

VM_Operation (0x0000001fc11fead0): G1CollectForAllocation, mode: safepoint, requested by thread 0x000001775733eed0


---------------  P R O C E S S  ---------------

Threads class SMR info:
_java_thread_list=0x000001775b220a20, length=97, elements={
0x000001773706a370, 0x0000017750660b50, 0x000001775066d790, 0x000001775065ec00,
0x0000017751057030, 0x0000017751057d10, 0x0000017751058d70, 0x000001775105a8a0,
0x000001775105f710, 0x000001775109b930, 0x0000017751202440, 0x0000017751206d30,
0x00000177537ae950, 0x000001775295fbc0, 0x000001775226d9a0, 0x00000177539a78a0,
0x00000177539a6a30, 0x00000177539a73d0, 0x00000177539a9a50, 0x00000177539a9f20,
0x00000177539a8be0, 0x00000177539ab260, 0x00000177539a3a10, 0x00000177539a43b0,
0x0000017754a86160, 0x0000017754a83140, 0x0000017754a827a0, 0x000001775a040ae0,
0x0000017755324cb0, 0x0000017755326e60, 0x0000017755320e20, 0x00000177553264c0,
0x0000017755321c90, 0x00000177593efb90, 0x000001775ac80cd0, 0x00000177593ecb70,
0x0000017752777c80, 0x00000177593ef1f0, 0x0000017754b8c940, 0x0000017754b89df0,
0x0000017754b85f60, 0x00000177593edeb0, 0x000001775b3c1b40, 0x0000017754b8d2e0,
0x0000017752779490, 0x0000017752778150, 0x000001775277a7d0, 0x00000177527772e0,
0x000001775a891980, 0x0000017752778620, 0x0000017752778af0, 0x0000017752779e30,
0x000001775277a300, 0x0000017756c2f790, 0x0000017756c2fc60, 0x0000017756c2e450,
0x0000017756dcf380, 0x0000017756dcdb70, 0x0000017756dce510, 0x0000017756dce040,
0x0000017756dceeb0, 0x0000017756dce9e0, 0x0000017756dcb9c0, 0x0000017756dcbe90,
0x0000017756dcc360, 0x0000017756dcc830, 0x0000017756dccd00, 0x0000017756dcd1d0,
0x0000017756dcd6a0, 0x000001775733e530, 0x00000177573406e0, 0x000001775733e060,
0x0000017757340bb0, 0x000001775733ea00, 0x000001775733eed0, 0x0000017757341080,
0x000001775733f870, 0x0000017757341550, 0x0000017757340210, 0x000001775733f3a0,
0x0000017757341a20, 0x000001775733fd40, 0x0000017756c44ed0, 0x0000017756c44060,
0x0000017756c45d40, 0x0000017756c42d20, 0x0000017756c46210, 0x0000017756c436c0,
0x0000017756c453a0, 0x000001775b3c0330, 0x00000177593ee380, 0x00000177593ed9e0,
0x00000177593f0060, 0x000001775b3c2e80, 0x000001775b3c24e0, 0x000001775b3c29b0,
0x000001775b3c3350
}

Java Threads: ( => current thread )
  0x000001773706a370 JavaThread "main" [_thread_blocked, id=2664, stack(0x0000001fbc600000,0x0000001fbc700000)]
  0x0000017750660b50 JavaThread "Reference Handler" daemon [_thread_blocked, id=11292, stack(0x0000001fbcd00000,0x0000001fbce00000)]
  0x000001775066d790 JavaThread "Finalizer" daemon [_thread_blocked, id=10304, stack(0x0000001fbce00000,0x0000001fbcf00000)]
  0x000001775065ec00 JavaThread "Signal Dispatcher" daemon [_thread_blocked, id=9836, stack(0x0000001fbcf00000,0x0000001fbd000000)]
  0x0000017751057030 JavaThread "Attach Listener" daemon [_thread_blocked, id=7312, stack(0x0000001fbd000000,0x0000001fbd100000)]
  0x0000017751057d10 JavaThread "Service Thread" daemon [_thread_blocked, id=10292, stack(0x0000001fbd100000,0x0000001fbd200000)]
  0x0000017751058d70 JavaThread "Monitor Deflation Thread" daemon [_thread_blocked, id=9848, stack(0x0000001fbd200000,0x0000001fbd300000)]
  0x000001775105a8a0 JavaThread "C2 CompilerThread0" daemon [_thread_blocked, id=9980, stack(0x0000001fbd300000,0x0000001fbd400000)]
  0x000001775105f710 JavaThread "C1 CompilerThread0" daemon [_thread_blocked, id=10944, stack(0x0000001fbd400000,0x0000001fbd500000)]
  0x000001775109b930 JavaThread "Sweeper thread" daemon [_thread_blocked, id=9296, stack(0x0000001fbd500000,0x0000001fbd600000)]
  0x0000017751202440 JavaThread "Common-Cleaner" daemon [_thread_blocked, id=6272, stack(0x0000001fbd600000,0x0000001fbd700000)]
  0x0000017751206d30 JavaThread "Notification Thread" daemon [_thread_blocked, id=12088, stack(0x0000001fbd700000,0x0000001fbd800000)]
  0x00000177537ae950 JavaThread "Daemon health stats" [_thread_blocked, id=9324, stack(0x0000001fbdd00000,0x0000001fbde00000)]
  0x000001775295fbc0 JavaThread "Incoming local TCP Connector on port 12808" [_thread_in_native, id=8944, stack(0x0000001fbde00000,0x0000001fbdf00000)]
  0x000001775226d9a0 JavaThread "Daemon periodic checks" [_thread_blocked, id=628, stack(0x0000001fbdf00000,0x0000001fbe000000)]
  0x00000177539a78a0 JavaThread "Cache worker for journal cache (C:\Users\ManuelAlejandro\.gradle\caches\journal-1)" [_thread_blocked, id=8420, stack(0x0000001fbe700000,0x0000001fbe800000)]
  0x00000177539a6a30 JavaThread "File lock request listener" [_thread_in_native, id=4388, stack(0x0000001fbe800000,0x0000001fbe900000)]
  0x00000177539a73d0 JavaThread "Cache worker for file hash cache (C:\Users\ManuelAlejandro\.gradle\caches\8.0\fileHashes)" [_thread_blocked, id=10764, stack(0x0000001fbe900000,0x0000001fbea00000)]
  0x00000177539a9a50 JavaThread "File watcher server" daemon [_thread_blocked, id=9644, stack(0x0000001fbd900000,0x0000001fbda00000)]
  0x00000177539a9f20 JavaThread "File watcher consumer" daemon [_thread_blocked, id=12372, stack(0x0000001fbea00000,0x0000001fbeb00000)]
  0x00000177539a8be0 JavaThread "Cache worker for file content cache (C:\Users\ManuelAlejandro\.gradle\caches\8.0\fileContent)" [_thread_blocked, id=9224, stack(0x0000001fbed00000,0x0000001fbee00000)]
  0x00000177539ab260 JavaThread "Cache worker for execution history cache (C:\Users\ManuelAlejandro\.gradle\caches\8.0\executionHistory)" [_thread_blocked, id=8028, stack(0x0000001fbf000000,0x0000001fbf100000)]
  0x00000177539a3a10 JavaThread "jar transforms" [_thread_blocked, id=6504, stack(0x0000001fbf100000,0x0000001fbf200000)]
  0x00000177539a43b0 JavaThread "jar transforms Thread 2" [_thread_blocked, id=7844, stack(0x0000001fbf200000,0x0000001fbf300000)]
  0x0000017754a86160 JavaThread "Cache worker for kotlin-dsl (C:\Users\ManuelAlejandro\.gradle\caches\8.0\kotlin-dsl)" [_thread_blocked, id=8464, stack(0x0000001fbf400000,0x0000001fbf500000)]
  0x0000017754a83140 JavaThread "jar transforms Thread 3" [_thread_blocked, id=10052, stack(0x0000001fbf300000,0x0000001fbf400000)]
  0x0000017754a827a0 JavaThread "jar transforms Thread 4" [_thread_blocked, id=12204, stack(0x0000001fbf500000,0x0000001fbf600000)]
  0x000001775a040ae0 JavaThread "Memory manager" [_thread_blocked, id=8416, stack(0x0000001fc2200000,0x0000001fc2300000)]
  0x0000017755324cb0 JavaThread "RMI Scheduler(0)" daemon [_thread_blocked, id=3664, stack(0x0000001fbc500000,0x0000001fbc600000)]
  0x0000017755326e60 JavaThread "RMI GC Daemon" daemon [_thread_blocked, id=1716, stack(0x0000001fc2f00000,0x0000001fc3000000)]
  0x0000017755320e20 JavaThread "RMI TCP Accept-0" daemon [_thread_in_native, id=1344, stack(0x0000001fc3000000,0x0000001fc3100000)]
  0x00000177553264c0 JavaThread "RMI Reaper" [_thread_blocked, id=10700, stack(0x0000001fc3100000,0x0000001fc3200000)]
  0x0000017755321c90 JavaThread "Cache worker for Java compile cache (C:\Users\ManuelAlejandro\.gradle\caches\8.0\javaCompile)" [_thread_blocked, id=11628, stack(0x0000001fc3300000,0x0000001fc3400000)]
  0x00000177593efb90 JavaThread "RMI TCP Connection(idle)" daemon [_thread_blocked, id=5368, stack(0x0000001fbc300000,0x0000001fbc400000)]
  0x000001775ac80cd0 JavaThread "Daemon Thread 4" [_thread_blocked, id=1612, stack(0x0000001fbc400000,0x0000001fbc500000)]
  0x00000177593ecb70 JavaThread "Daemon worker Thread 4" [_thread_blocked, id=11724, stack(0x0000001fbe200000,0x0000001fbe300000)]
  0x0000017752777c80 JavaThread "included builds" [_thread_blocked, id=7368, stack(0x0000001fc2400000,0x0000001fc2500000)]
  0x00000177593ef1f0 JavaThread "Handler for socket connection from /127.0.0.1:12808 to /127.0.0.1:7463" [_thread_in_native, id=13304, stack(0x0000001fbe000000,0x0000001fbe100000)]
  0x0000017754b8c940 JavaThread "Cancel handler" [_thread_blocked, id=940, stack(0x0000001fbe100000,0x0000001fbe200000)]
  0x0000017754b89df0 JavaThread "Asynchronous log dispatcher for DefaultDaemonConnection: socket connection from /127.0.0.1:12808 to /127.0.0.1:7463" [_thread_blocked, id=11072, stack(0x0000001fbe300000,0x0000001fbe400000)]
  0x0000017754b85f60 JavaThread "Stdin handler" [_thread_blocked, id=1472, stack(0x0000001fbe400000,0x0000001fbe500000)]
  0x00000177593edeb0 JavaThread "Daemon client event forwarder" [_thread_blocked, id=12236, stack(0x0000001fbe500000,0x0000001fbe600000)]
  0x000001775b3c1b40 JavaThread "Cache worker for checksums cache (C:\Users\ManuelAlejandro\StudioProjects\LabiofamAndroid\.gradle\8.0\checksums)" [_thread_blocked, id=3252, stack(0x0000001fbe600000,0x0000001fbe700000)]
  0x0000017754b8d2e0 JavaThread "Cache worker for cache directory md-rule (C:\Users\ManuelAlejandro\.gradle\caches\8.0\md-rule)" [_thread_blocked, id=10212, stack(0x0000001fbeb00000,0x0000001fbec00000)]
  0x0000017752779490 JavaThread "Cache worker for file hash cache (C:\Users\ManuelAlejandro\StudioProjects\LabiofamAndroid\.gradle\8.0\fileHashes)" [_thread_blocked, id=12276, stack(0x0000001fbec00000,0x0000001fbed00000)]
  0x0000017752778150 JavaThread "Cache worker for cache directory md-supplier (C:\Users\ManuelAlejandro\.gradle\caches\8.0\md-supplier)" [_thread_blocked, id=1256, stack(0x0000001fbee00000,0x0000001fbef00000)]
  0x000001775277a7d0 JavaThread "Cache worker for dependencies-accessors (C:\Users\ManuelAlejandro\StudioProjects\LabiofamAndroid\.gradle\8.0\dependencies-accessors)" [_thread_blocked, id=10860, stack(0x0000001fbef00000,0x0000001fbf000000)]
  0x00000177527772e0 JavaThread "Cache worker for Build Output Cleanup Cache (C:\Users\ManuelAlejandro\StudioProjects\LabiofamAndroid\.gradle\buildOutputCleanup)" [_thread_blocked, id=11968, stack(0x0000001fbf600000,0x0000001fbf700000)]
  0x000001775a891980 JavaThread "C2 CompilerThread1" daemon [_thread_blocked, id=9220, stack(0x0000001fbf700000,0x0000001fbf800000)]
  0x0000017752778620 JavaThread "Unconstrained build operations" [_thread_blocked, id=8380, stack(0x0000001fbf800000,0x0000001fbf900000)]
  0x0000017752778af0 JavaThread "Unconstrained build operations Thread 2" [_thread_blocked, id=6556, stack(0x0000001fbf900000,0x0000001fbfa00000)]
  0x0000017752779e30 JavaThread "Unconstrained build operations Thread 3" [_thread_blocked, id=12652, stack(0x0000001fbfa00000,0x0000001fbfb00000)]
  0x000001775277a300 JavaThread "Unconstrained build operations Thread 4" [_thread_blocked, id=10736, stack(0x0000001fbfb00000,0x0000001fbfc00000)]
  0x0000017756c2f790 JavaThread "Unconstrained build operations Thread 5" [_thread_blocked, id=6876, stack(0x0000001fbfc00000,0x0000001fbfd00000)]
  0x0000017756c2fc60 JavaThread "Unconstrained build operations Thread 6" [_thread_blocked, id=12192, stack(0x0000001fbfd00000,0x0000001fbfe00000)]
  0x0000017756c2e450 JavaThread "Unconstrained build operations Thread 7" [_thread_blocked, id=2712, stack(0x0000001fbfe00000,0x0000001fbff00000)]
  0x0000017756dcf380 JavaThread "Unconstrained build operations Thread 8" [_thread_blocked, id=11388, stack(0x0000001fbff00000,0x0000001fc0000000)]
  0x0000017756dcdb70 JavaThread "Unconstrained build operations Thread 9" [_thread_blocked, id=8024, stack(0x0000001fc0000000,0x0000001fc0100000)]
  0x0000017756dce510 JavaThread "Unconstrained build operations Thread 10" [_thread_blocked, id=11456, stack(0x0000001fc0100000,0x0000001fc0200000)]
  0x0000017756dce040 JavaThread "Unconstrained build operations Thread 11" [_thread_blocked, id=4132, stack(0x0000001fc0200000,0x0000001fc0300000)]
  0x0000017756dceeb0 JavaThread "Unconstrained build operations Thread 12" [_thread_blocked, id=12596, stack(0x0000001fc0300000,0x0000001fc0400000)]
  0x0000017756dce9e0 JavaThread "Unconstrained build operations Thread 13" [_thread_blocked, id=12516, stack(0x0000001fc0400000,0x0000001fc0500000)]
  0x0000017756dcb9c0 JavaThread "Unconstrained build operations Thread 14" [_thread_blocked, id=5948, stack(0x0000001fc0500000,0x0000001fc0600000)]
  0x0000017756dcbe90 JavaThread "Unconstrained build operations Thread 15" [_thread_blocked, id=7524, stack(0x0000001fc0600000,0x0000001fc0700000)]
  0x0000017756dcc360 JavaThread "Unconstrained build operations Thread 16" [_thread_blocked, id=6100, stack(0x0000001fc0700000,0x0000001fc0800000)]
  0x0000017756dcc830 JavaThread "Unconstrained build operations Thread 17" [_thread_blocked, id=9792, stack(0x0000001fc0800000,0x0000001fc0900000)]
  0x0000017756dccd00 JavaThread "Unconstrained build operations Thread 18" [_thread_blocked, id=9412, stack(0x0000001fc0900000,0x0000001fc0a00000)]
  0x0000017756dcd1d0 JavaThread "Unconstrained build operations Thread 19" [_thread_blocked, id=5000, stack(0x0000001fc0a00000,0x0000001fc0b00000)]
  0x0000017756dcd6a0 JavaThread "Unconstrained build operations Thread 20" [_thread_blocked, id=10936, stack(0x0000001fc0b00000,0x0000001fc0c00000)]
  0x000001775733e530 JavaThread "Unconstrained build operations Thread 21" [_thread_blocked, id=6580, stack(0x0000001fc0c00000,0x0000001fc0d00000)]
  0x00000177573406e0 JavaThread "Unconstrained build operations Thread 22" [_thread_blocked, id=9176, stack(0x0000001fc0d00000,0x0000001fc0e00000)]
  0x000001775733e060 JavaThread "Unconstrained build operations Thread 23" [_thread_blocked, id=9528, stack(0x0000001fc0e00000,0x0000001fc0f00000)]
  0x0000017757340bb0 JavaThread "Unconstrained build operations Thread 24" [_thread_blocked, id=2580, stack(0x0000001fc0f00000,0x0000001fc1000000)]
  0x000001775733ea00 JavaThread "Unconstrained build operations Thread 25" [_thread_blocked, id=8120, stack(0x0000001fc1000000,0x0000001fc1100000)]
  0x000001775733eed0 JavaThread "Unconstrained build operations Thread 26" [_thread_blocked, id=10784, stack(0x0000001fc1100000,0x0000001fc1200000)]
  0x0000017757341080 JavaThread "Unconstrained build operations Thread 27" [_thread_blocked, id=10512, stack(0x0000001fc1200000,0x0000001fc1300000)]
  0x000001775733f870 JavaThread "Unconstrained build operations Thread 28" [_thread_blocked, id=9940, stack(0x0000001fc1300000,0x0000001fc1400000)]
  0x0000017757341550 JavaThread "Unconstrained build operations Thread 29" [_thread_blocked, id=12640, stack(0x0000001fc1400000,0x0000001fc1500000)]
  0x0000017757340210 JavaThread "Unconstrained build operations Thread 30" [_thread_blocked, id=10032, stack(0x0000001fc1500000,0x0000001fc1600000)]
  0x000001775733f3a0 JavaThread "Unconstrained build operations Thread 31" [_thread_blocked, id=6336, stack(0x0000001fc1600000,0x0000001fc1700000)]
  0x0000017757341a20 JavaThread "Unconstrained build operations Thread 32" [_thread_blocked, id=13156, stack(0x0000001fc1700000,0x0000001fc1800000)]
  0x000001775733fd40 JavaThread "Unconstrained build operations Thread 33" [_thread_blocked, id=5500, stack(0x0000001fc1800000,0x0000001fc1900000)]
  0x0000017756c44ed0 JavaThread "Unconstrained build operations Thread 34" [_thread_blocked, id=8132, stack(0x0000001fc1900000,0x0000001fc1a00000)]
  0x0000017756c44060 JavaThread "Unconstrained build operations Thread 35" [_thread_blocked, id=11684, stack(0x0000001fc1a00000,0x0000001fc1b00000)]
  0x0000017756c45d40 JavaThread "Unconstrained build operations Thread 36" [_thread_blocked, id=6660, stack(0x0000001fc1b00000,0x0000001fc1c00000)]
  0x0000017756c42d20 JavaThread "Unconstrained build operations Thread 37" [_thread_blocked, id=8828, stack(0x0000001fc1c00000,0x0000001fc1d00000)]
  0x0000017756c46210 JavaThread "Unconstrained build operations Thread 38" [_thread_blocked, id=7876, stack(0x0000001fc1d00000,0x0000001fc1e00000)]
  0x0000017756c436c0 JavaThread "Unconstrained build operations Thread 39" [_thread_blocked, id=5860, stack(0x0000001fc1e00000,0x0000001fc1f00000)]
  0x0000017756c453a0 JavaThread "Unconstrained build operations Thread 40" [_thread_blocked, id=5588, stack(0x0000001fc1f00000,0x0000001fc2000000)]
  0x000001775b3c0330 JavaThread "build event listener" [_thread_blocked, id=3668, stack(0x0000001fc2000000,0x0000001fc2100000)]
  0x00000177593ee380 JavaThread "build event listener" [_thread_blocked, id=6968, stack(0x0000001fc2100000,0x0000001fc2200000)]
  0x00000177593ed9e0 JavaThread "build event listener" [_thread_blocked, id=2028, stack(0x0000001fc2300000,0x0000001fc2400000)]
  0x00000177593f0060 JavaThread "included builds" [_thread_blocked, id=9188, stack(0x0000001fc2500000,0x0000001fc2600000)]
  0x000001775b3c2e80 JavaThread "Execution worker" [_thread_blocked, id=12812, stack(0x0000001fc2600000,0x0000001fc2700000)]
  0x000001775b3c24e0 JavaThread "Execution worker Thread 2" [_thread_blocked, id=9340, stack(0x0000001fc2700000,0x0000001fc2800000)]
  0x000001775b3c29b0 JavaThread "Execution worker Thread 3" [_thread_blocked, id=10368, stack(0x0000001fc2800000,0x0000001fc2900000)]
  0x000001775b3c3350 JavaThread "Cache worker for execution history cache (C:\Users\ManuelAlejandro\StudioProjects\LabiofamAndroid\.gradle\8.0\executionHistory)" [_thread_blocked, id=10500, stack(0x0000001fc2900000,0x0000001fc2a00000)]

Other Threads:
=>0x000001775101f6f0 VMThread "VM Thread" [stack: 0x0000001fbcc00000,0x0000001fbcd00000] [id=12964]
  0x00000177370e8090 WatcherThread [stack: 0x0000001fbd800000,0x0000001fbd900000] [id=10164]
  0x00000177370c69b0 GCTaskThread "GC Thread#0" [stack: 0x0000001fbc700000,0x0000001fbc800000] [id=1416]
  0x00000177517aede0 GCTaskThread "GC Thread#1" [stack: 0x0000001fbda00000,0x0000001fbdb00000] [id=9780]
  0x000001775195fdc0 GCTaskThread "GC Thread#2" [stack: 0x0000001fbdb00000,0x0000001fbdc00000] [id=2924]
  0x000001775158e890 GCTaskThread "GC Thread#3" [stack: 0x0000001fbdc00000,0x0000001fbdd00000] [id=11796]
  0x00000177370d8810 ConcurrentGCThread "G1 Main Marker" [stack: 0x0000001fbc800000,0x0000001fbc900000] [id=12576]
  0x00000177370db8e0 ConcurrentGCThread "G1 Conc#0" [stack: 0x0000001fbc900000,0x0000001fbca00000] [id=9036]
  0x00000177504b30f0 ConcurrentGCThread "G1 Refine#0" [stack: 0x0000001fbca00000,0x0000001fbcb00000] [id=9784]
  0x00000177504b3a20 ConcurrentGCThread "G1 Service" [stack: 0x0000001fbcb00000,0x0000001fbcc00000] [id=8104]

Threads with active compile tasks:
C2 CompilerThread0  2115325 24415       4       com.google.common.collect.IndexedImmutableSet::iterator (5 bytes)
C2 CompilerThread1  2115325 24421       4       org.gradle.api.internal.artifacts.ivyservice.resolveengine.result.DependencyResultSerializer::write (116 bytes)

VM state: at safepoint (normal execution)

VM Mutex/Monitor currently owned by a thread:  ([mutex/lock_event])
[0x0000017737065180] Threads_lock - owner thread: 0x000001775101f6f0
[0x0000017737064d90] Heap_lock - owner thread: 0x000001775733eed0

Heap address: 0x0000000080000000, size: 2048 MB, Compressed Oops mode: 32-bit

CDS archive(s) not mapped
Compressed class space mapped at: 0x0000000100000000-0x0000000140000000, reserved size: 1073741824
Narrow klass base: 0x0000000000000000, Narrow klass shift: 3, Narrow klass range: 0x140000000

GC Precious Log:
 CPUs: 4 total, 4 available
 Memory: 12206M
 Large Page Support: Disabled
 NUMA Support: Disabled
 Compressed Oops: Enabled (32-bit)
 Heap Region Size: 1M
 Heap Min Capacity: 8M
 Heap Initial Capacity: 192M
 Heap Max Capacity: 2G
 Pre-touch: Disabled
 Parallel Workers: 4
 Concurrent Workers: 1
 Concurrent Refinement Workers: 4
 Periodic GC: Disabled

Heap:
 garbage-first heap   total 276480K, used 148725K [0x0000000080000000, 0x0000000100000000)
  region size 1024K, 10 young (10240K), 10 survivors (10240K)
 Metaspace       used 145645K, committed 146752K, reserved 1179648K
  class space    used 19518K, committed 20032K, reserved 1048576K

Heap Regions: E=young(eden), S=young(survivor), O=old, HS=humongous(starts), HC=humongous(continues), CS=collection set, F=free, OA=open archive, CA=closed archive, TAMS=top-at-mark-start (previous, next)
|   0|0x0000000080000000, 0x0000000080100000, 0x0000000080100000|100%| O|  |TAMS 0x0000000080100000, 0x0000000080100000| Untracked 
|   1|0x0000000080100000, 0x0000000080200000, 0x0000000080200000|100%| O|  |TAMS 0x0000000080200000, 0x0000000080200000| Untracked 
|   2|0x0000000080200000, 0x0000000080300000, 0x0000000080300000|100%|HS|  |TAMS 0x0000000080300000, 0x0000000080300000| Complete 
|   3|0x0000000080300000, 0x0000000080400000, 0x0000000080400000|100%|HC|  |TAMS 0x0000000080400000, 0x0000000080400000| Complete 
|   4|0x0000000080400000, 0x0000000080500000, 0x0000000080500000|100%|HC|  |TAMS 0x0000000080500000, 0x0000000080500000| Complete 
|   5|0x0000000080500000, 0x0000000080600000, 0x0000000080600000|100%|HC|  |TAMS 0x0000000080600000, 0x0000000080600000| Complete 
|   6|0x0000000080600000, 0x0000000080700000, 0x0000000080700000|100%| O|  |TAMS 0x0000000080700000, 0x0000000080700000| Untracked 
|   7|0x0000000080700000, 0x0000000080800000, 0x0000000080800000|100%| O|  |TAMS 0x0000000080800000, 0x0000000080800000| Untracked 
|   8|0x0000000080800000, 0x0000000080900000, 0x0000000080900000|100%| O|  |TAMS 0x0000000080900000, 0x0000000080900000| Untracked 
|   9|0x0000000080900000, 0x0000000080a00000, 0x0000000080a00000|100%| O|  |TAMS 0x0000000080a00000, 0x0000000080a00000| Untracked 
|  10|0x0000000080a00000, 0x0000000080b00000, 0x0000000080b00000|100%| O|  |TAMS 0x0000000080b00000, 0x0000000080b00000| Untracked 
|  11|0x0000000080b00000, 0x0000000080c00000, 0x0000000080c00000|100%| O|  |TAMS 0x0000000080c00000, 0x0000000080c00000| Untracked 
|  12|0x0000000080c00000, 0x0000000080d00000, 0x0000000080d00000|100%| O|  |TAMS 0x0000000080d00000, 0x0000000080d00000| Untracked 
|  13|0x0000000080d00000, 0x0000000080e00000, 0x0000000080e00000|100%| O|  |TAMS 0x0000000080e00000, 0x0000000080e00000| Untracked 
|  14|0x0000000080e00000, 0x0000000080f00000, 0x0000000080f00000|100%| O|  |TAMS 0x0000000080f00000, 0x0000000080f00000| Untracked 
|  15|0x0000000080f00000, 0x0000000081000000, 0x0000000081000000|100%| O|  |TAMS 0x0000000081000000, 0x0000000081000000| Untracked 
|  16|0x0000000081000000, 0x0000000081100000, 0x0000000081100000|100%| O|  |TAMS 0x0000000081100000, 0x0000000081100000| Untracked 
|  17|0x0000000081100000, 0x0000000081200000, 0x0000000081200000|100%| O|  |TAMS 0x0000000081200000, 0x0000000081200000| Untracked 
|  18|0x0000000081200000, 0x0000000081300000, 0x0000000081300000|100%| O|  |TAMS 0x0000000081300000, 0x0000000081300000| Untracked 
|  19|0x0000000081300000, 0x0000000081400000, 0x0000000081400000|100%| O|  |TAMS 0x0000000081400000, 0x0000000081400000| Untracked 
|  20|0x0000000081400000, 0x0000000081500000, 0x0000000081500000|100%| O|  |TAMS 0x0000000081500000, 0x0000000081500000| Untracked 
|  21|0x0000000081500000, 0x0000000081600000, 0x0000000081600000|100%| O|  |TAMS 0x0000000081600000, 0x0000000081600000| Untracked 
|  22|0x0000000081600000, 0x0000000081700000, 0x0000000081700000|100%| O|  |TAMS 0x0000000081700000, 0x0000000081700000| Untracked 
|  23|0x0000000081700000, 0x0000000081800000, 0x0000000081800000|100%| O|  |TAMS 0x0000000081800000, 0x0000000081800000| Untracked 
|  24|0x0000000081800000, 0x0000000081900000, 0x0000000081900000|100%| O|  |TAMS 0x0000000081900000, 0x0000000081900000| Untracked 
|  25|0x0000000081900000, 0x0000000081a00000, 0x0000000081a00000|100%| O|  |TAMS 0x0000000081a00000, 0x0000000081a00000| Untracked 
|  26|0x0000000081a00000, 0x0000000081b00000, 0x0000000081b00000|100%| O|  |TAMS 0x0000000081b00000, 0x0000000081b00000| Untracked 
|  27|0x0000000081b00000, 0x0000000081c00000, 0x0000000081c00000|100%| O|  |TAMS 0x0000000081c00000, 0x0000000081c00000| Untracked 
|  28|0x0000000081c00000, 0x0000000081d00000, 0x0000000081d00000|100%| O|  |TAMS 0x0000000081d00000, 0x0000000081d00000| Untracked 
|  29|0x0000000081d00000, 0x0000000081e00000, 0x0000000081e00000|100%| O|  |TAMS 0x0000000081e00000, 0x0000000081e00000| Untracked 
|  30|0x0000000081e00000, 0x0000000081f00000, 0x0000000081f00000|100%| O|  |TAMS 0x0000000081f00000, 0x0000000081f00000| Untracked 
|  31|0x0000000081f00000, 0x0000000082000000, 0x0000000082000000|100%| O|  |TAMS 0x0000000082000000, 0x0000000082000000| Untracked 
|  32|0x0000000082000000, 0x0000000082100000, 0x0000000082100000|100%| O|  |TAMS 0x0000000082100000, 0x0000000082100000| Untracked 
|  33|0x0000000082100000, 0x0000000082200000, 0x0000000082200000|100%| O|  |TAMS 0x0000000082200000, 0x0000000082200000| Untracked 
|  34|0x0000000082200000, 0x0000000082300000, 0x0000000082300000|100%| O|  |TAMS 0x0000000082300000, 0x0000000082300000| Untracked 
|  35|0x0000000082300000, 0x0000000082400000, 0x0000000082400000|100%|HS|  |TAMS 0x0000000082400000, 0x0000000082400000| Complete 
|  36|0x0000000082400000, 0x0000000082500000, 0x0000000082500000|100%|HS|  |TAMS 0x0000000082500000, 0x0000000082500000| Complete 
|  37|0x0000000082500000, 0x0000000082600000, 0x0000000082600000|100%| O|  |TAMS 0x0000000082600000, 0x0000000082600000| Untracked 
|  38|0x0000000082600000, 0x0000000082700000, 0x0000000082700000|100%| O|  |TAMS 0x0000000082600000, 0x0000000082700000| Untracked 
|  39|0x0000000082700000, 0x0000000082800000, 0x0000000082800000|100%|HS|  |TAMS 0x0000000082800000, 0x0000000082800000| Complete 
|  40|0x0000000082800000, 0x0000000082900000, 0x0000000082900000|100%|HC|  |TAMS 0x0000000082900000, 0x0000000082900000| Complete 
|  41|0x0000000082900000, 0x0000000082a00000, 0x0000000082a00000|100%| O|  |TAMS 0x0000000082a00000, 0x0000000082a00000| Untracked 
|  42|0x0000000082a00000, 0x0000000082b00000, 0x0000000082b00000|100%| O|  |TAMS 0x0000000082b00000, 0x0000000082b00000| Untracked 
|  43|0x0000000082b00000, 0x0000000082c00000, 0x0000000082c00000|100%|HS|  |TAMS 0x0000000082c00000, 0x0000000082c00000| Complete 
|  44|0x0000000082c00000, 0x0000000082d00000, 0x0000000082d00000|100%|HS|  |TAMS 0x0000000082d00000, 0x0000000082d00000| Complete 
|  45|0x0000000082d00000, 0x0000000082e00000, 0x0000000082e00000|100%|HC|  |TAMS 0x0000000082e00000, 0x0000000082e00000| Complete 
|  46|0x0000000082e00000, 0x0000000082f00000, 0x0000000082f00000|100%|HC|  |TAMS 0x0000000082f00000, 0x0000000082f00000| Complete 
|  47|0x0000000082f00000, 0x0000000083000000, 0x0000000083000000|100%|HC|  |TAMS 0x0000000083000000, 0x0000000083000000| Complete 
|  48|0x0000000083000000, 0x0000000083100000, 0x0000000083100000|100%| O|  |TAMS 0x0000000083100000, 0x0000000083100000| Untracked 
|  49|0x0000000083100000, 0x0000000083200000, 0x0000000083200000|100%| O|  |TAMS 0x0000000083200000, 0x0000000083200000| Untracked 
|  50|0x0000000083200000, 0x0000000083300000, 0x0000000083300000|100%| O|  |TAMS 0x0000000083300000, 0x0000000083300000| Untracked 
|  51|0x0000000083300000, 0x0000000083400000, 0x0000000083400000|100%| O|  |TAMS 0x0000000083400000, 0x0000000083400000| Untracked 
|  52|0x0000000083400000, 0x0000000083500000, 0x0000000083500000|100%| O|  |TAMS 0x0000000083500000, 0x0000000083500000| Untracked 
|  53|0x0000000083500000, 0x0000000083600000, 0x0000000083600000|100%| O|  |TAMS 0x0000000083600000, 0x0000000083600000| Untracked 
|  54|0x0000000083600000, 0x0000000083700000, 0x0000000083700000|100%| O|  |TAMS 0x0000000083700000, 0x0000000083700000| Untracked 
|  55|0x0000000083700000, 0x0000000083800000, 0x0000000083800000|100%| O|  |TAMS 0x0000000083800000, 0x0000000083800000| Untracked 
|  56|0x0000000083800000, 0x0000000083900000, 0x0000000083900000|100%| O|  |TAMS 0x0000000083900000, 0x0000000083900000| Untracked 
|  57|0x0000000083900000, 0x0000000083a00000, 0x0000000083a00000|100%| O|  |TAMS 0x0000000083a00000, 0x0000000083a00000| Untracked 
|  58|0x0000000083a00000, 0x0000000083b00000, 0x0000000083b00000|100%| O|  |TAMS 0x0000000083b00000, 0x0000000083b00000| Untracked 
|  59|0x0000000083b00000, 0x0000000083c00000, 0x0000000083c00000|100%| O|  |TAMS 0x0000000083c00000, 0x0000000083c00000| Untracked 
|  60|0x0000000083c00000, 0x0000000083d00000, 0x0000000083d00000|100%| O|  |TAMS 0x0000000083d00000, 0x0000000083d00000| Untracked 
|  61|0x0000000083d00000, 0x0000000083e00000, 0x0000000083e00000|100%| O|  |TAMS 0x0000000083e00000, 0x0000000083e00000| Untracked 
|  62|0x0000000083e00000, 0x0000000083f00000, 0x0000000083f00000|100%| O|  |TAMS 0x0000000083f00000, 0x0000000083f00000| Untracked 
|  63|0x0000000083f00000, 0x0000000084000000, 0x0000000084000000|100%| O|  |TAMS 0x0000000084000000, 0x0000000084000000| Untracked 
|  64|0x0000000084000000, 0x0000000084100000, 0x0000000084100000|100%| O|  |TAMS 0x0000000084100000, 0x0000000084100000| Untracked 
|  65|0x0000000084100000, 0x0000000084200000, 0x0000000084200000|100%| O|  |TAMS 0x0000000084100000, 0x0000000084200000| Untracked 
|  66|0x0000000084200000, 0x0000000084300000, 0x0000000084300000|100%| O|  |TAMS 0x0000000084300000, 0x0000000084300000| Untracked 
|  67|0x0000000084300000, 0x0000000084400000, 0x0000000084400000|100%| O|  |TAMS 0x0000000084400000, 0x0000000084400000| Untracked 
|  68|0x0000000084400000, 0x0000000084500000, 0x0000000084500000|100%| O|  |TAMS 0x0000000084500000, 0x0000000084500000| Untracked 
|  69|0x0000000084500000, 0x0000000084600000, 0x0000000084600000|100%| O|  |TAMS 0x0000000084600000, 0x0000000084600000| Untracked 
|  70|0x0000000084600000, 0x0000000084700000, 0x0000000084700000|100%| O|  |TAMS 0x0000000084700000, 0x0000000084700000| Untracked 
|  71|0x0000000084700000, 0x0000000084800000, 0x0000000084800000|100%| O|  |TAMS 0x0000000084800000, 0x0000000084800000| Untracked 
|  72|0x0000000084800000, 0x0000000084900000, 0x0000000084900000|100%| O|  |TAMS 0x0000000084900000, 0x0000000084900000| Untracked 
|  73|0x0000000084900000, 0x0000000084a00000, 0x0000000084a00000|100%| O|  |TAMS 0x0000000084a00000, 0x0000000084a00000| Untracked 
|  74|0x0000000084a00000, 0x0000000084b00000, 0x0000000084b00000|100%| O|  |TAMS 0x0000000084b00000, 0x0000000084b00000| Untracked 
|  75|0x0000000084b00000, 0x0000000084c00000, 0x0000000084c00000|100%| O|  |TAMS 0x0000000084c00000, 0x0000000084c00000| Untracked 
|  76|0x0000000084c00000, 0x0000000084d00000, 0x0000000084d00000|100%| O|  |TAMS 0x0000000084d00000, 0x0000000084d00000| Untracked 
|  77|0x0000000084d00000, 0x0000000084e00000, 0x0000000084e00000|100%| O|  |TAMS 0x0000000084e00000, 0x0000000084e00000| Untracked 
|  78|0x0000000084e00000, 0x0000000084f00000, 0x0000000084f00000|100%| O|  |TAMS 0x0000000084f00000, 0x0000000084f00000| Untracked 
|  79|0x0000000084f00000, 0x0000000085000000, 0x0000000085000000|100%| O|  |TAMS 0x0000000085000000, 0x0000000085000000| Untracked 
|  80|0x0000000085000000, 0x0000000085100000, 0x0000000085100000|100%| O|  |TAMS 0x0000000085100000, 0x0000000085100000| Untracked 
|  81|0x0000000085100000, 0x0000000085200000, 0x0000000085200000|100%| O|  |TAMS 0x0000000085200000, 0x0000000085200000| Untracked 
|  82|0x0000000085200000, 0x0000000085300000, 0x0000000085300000|100%| O|  |TAMS 0x0000000085300000, 0x0000000085300000| Untracked 
|  83|0x0000000085300000, 0x0000000085400000, 0x0000000085400000|100%| O|  |TAMS 0x0000000085400000, 0x0000000085400000| Untracked 
|  84|0x0000000085400000, 0x0000000085500000, 0x0000000085500000|100%| O|  |TAMS 0x0000000085500000, 0x0000000085500000| Untracked 
|  85|0x0000000085500000, 0x0000000085600000, 0x0000000085600000|100%| O|  |TAMS 0x0000000085500000, 0x0000000085600000| Untracked 
|  86|0x0000000085600000, 0x0000000085600000, 0x0000000085700000|  0%| F|  |TAMS 0x0000000085600000, 0x0000000085600000| Untracked 
|  87|0x0000000085700000, 0x0000000085800000, 0x0000000085800000|100%| O|  |TAMS 0x0000000085800000, 0x0000000085800000| Untracked 
|  88|0x0000000085800000, 0x0000000085900000, 0x0000000085900000|100%| O|  |TAMS 0x0000000085900000, 0x0000000085900000| Untracked 
|  89|0x0000000085900000, 0x0000000085a00000, 0x0000000085a00000|100%| O|  |TAMS 0x0000000085a00000, 0x0000000085a00000| Untracked 
|  90|0x0000000085a00000, 0x0000000085b00000, 0x0000000085b00000|100%| O|  |TAMS 0x0000000085b00000, 0x0000000085b00000| Untracked 
|  91|0x0000000085b00000, 0x0000000085c00000, 0x0000000085c00000|100%| O|  |TAMS 0x0000000085c00000, 0x0000000085c00000| Untracked 
|  92|0x0000000085c00000, 0x0000000085d00000, 0x0000000085d00000|100%| O|  |TAMS 0x0000000085d00000, 0x0000000085d00000| Untracked 
|  93|0x0000000085d00000, 0x0000000085e00000, 0x0000000085e00000|100%| O|  |TAMS 0x0000000085e00000, 0x0000000085e00000| Untracked 
|  94|0x0000000085e00000, 0x0000000085f00000, 0x0000000085f00000|100%| O|  |TAMS 0x0000000085f00000, 0x0000000085f00000| Untracked 
|  95|0x0000000085f00000, 0x0000000086000000, 0x0000000086000000|100%| O|  |TAMS 0x0000000086000000, 0x0000000086000000| Untracked 
|  96|0x0000000086000000, 0x0000000086100000, 0x0000000086100000|100%| O|  |TAMS 0x0000000086100000, 0x0000000086100000| Untracked 
|  97|0x0000000086100000, 0x0000000086200000, 0x0000000086200000|100%| O|  |TAMS 0x0000000086200000, 0x0000000086200000| Untracked 
|  98|0x0000000086200000, 0x0000000086300000, 0x0000000086300000|100%| O|  |TAMS 0x0000000086300000, 0x0000000086300000| Untracked 
|  99|0x0000000086300000, 0x0000000086400000, 0x0000000086400000|100%| O|  |TAMS 0x0000000086400000, 0x0000000086400000| Untracked 
| 100|0x0000000086400000, 0x0000000086500000, 0x0000000086500000|100%| O|  |TAMS 0x0000000086500000, 0x0000000086500000| Untracked 
| 101|0x0000000086500000, 0x0000000086600000, 0x0000000086600000|100%| O|  |TAMS 0x0000000086600000, 0x0000000086600000| Untracked 
| 102|0x0000000086600000, 0x0000000086700000, 0x0000000086700000|100%| O|  |TAMS 0x0000000086700000, 0x0000000086700000| Untracked 
| 103|0x0000000086700000, 0x0000000086800000, 0x0000000086800000|100%| O|  |TAMS 0x0000000086800000, 0x0000000086800000| Untracked 
| 104|0x0000000086800000, 0x0000000086900000, 0x0000000086900000|100%| O|  |TAMS 0x0000000086900000, 0x0000000086900000| Untracked 
| 105|0x0000000086900000, 0x0000000086900000, 0x0000000086a00000|  0%| F|  |TAMS 0x0000000086900000, 0x0000000086900000| Untracked 
| 106|0x0000000086a00000, 0x0000000086b00000, 0x0000000086b00000|100%| O|  |TAMS 0x0000000086b00000, 0x0000000086b00000| Untracked 
| 107|0x0000000086b00000, 0x0000000086c00000, 0x0000000086c00000|100%| O|  |TAMS 0x0000000086c00000, 0x0000000086c00000| Untracked 
| 108|0x0000000086c00000, 0x0000000086d00000, 0x0000000086d00000|100%| O|  |TAMS 0x0000000086d00000, 0x0000000086d00000| Untracked 
| 109|0x0000000086d00000, 0x0000000086d00000, 0x0000000086e00000|  0%| F|  |TAMS 0x0000000086d00000, 0x0000000086d00000| Untracked 
| 110|0x0000000086e00000, 0x0000000086f00000, 0x0000000086f00000|100%| O|  |TAMS 0x0000000086e00000, 0x0000000086f00000| Untracked 
| 111|0x0000000086f00000, 0x0000000086f00000, 0x0000000087000000|  0%| F|  |TAMS 0x0000000086f00000, 0x0000000086f00000| Untracked 
| 112|0x0000000087000000, 0x0000000087100000, 0x0000000087100000|100%| O|  |TAMS 0x0000000087100000, 0x0000000087100000| Untracked 
| 113|0x0000000087100000, 0x0000000087200000, 0x0000000087200000|100%| O|  |TAMS 0x0000000087200000, 0x0000000087200000| Untracked 
| 114|0x0000000087200000, 0x0000000087300000, 0x0000000087300000|100%| O|  |TAMS 0x0000000087300000, 0x0000000087300000| Untracked 
| 115|0x0000000087300000, 0x0000000087400000, 0x0000000087400000|100%| O|  |TAMS 0x0000000087300000, 0x0000000087400000| Untracked 
| 116|0x0000000087400000, 0x0000000087500000, 0x0000000087500000|100%| O|  |TAMS 0x0000000087400000, 0x0000000087500000| Untracked 
| 117|0x0000000087500000, 0x0000000087600000, 0x0000000087600000|100%| O|  |TAMS 0x0000000087500000, 0x0000000087600000| Untracked 
| 118|0x0000000087600000, 0x0000000087700000, 0x0000000087700000|100%| O|  |TAMS 0x0000000087700000, 0x0000000087700000| Untracked 
| 119|0x0000000087700000, 0x0000000087800000, 0x0000000087800000|100%| O|  |TAMS 0x0000000087800000, 0x0000000087800000| Untracked 
| 120|0x0000000087800000, 0x0000000087900000, 0x0000000087900000|100%| O|  |TAMS 0x000000008780b000, 0x0000000087900000| Untracked 
| 121|0x0000000087900000, 0x0000000087a00000, 0x0000000087a00000|100%| O|  |TAMS 0x0000000087900000, 0x0000000087a00000| Untracked 
| 122|0x0000000087a00000, 0x0000000087b00000, 0x0000000087b00000|100%| O|  |TAMS 0x0000000087a00000, 0x0000000087b00000| Untracked 
| 123|0x0000000087b00000, 0x0000000087c00000, 0x0000000087c00000|100%| O|  |TAMS 0x0000000087c00000, 0x0000000087c00000| Untracked 
| 124|0x0000000087c00000, 0x0000000087d00000, 0x0000000087d00000|100%| O|  |TAMS 0x0000000087d00000, 0x0000000087d00000| Untracked 
| 125|0x0000000087d00000, 0x0000000087e00000, 0x0000000087e00000|100%| O|  |TAMS 0x0000000087e00000, 0x0000000087e00000| Untracked 
| 126|0x0000000087e00000, 0x0000000087f00000, 0x0000000087f00000|100%| O|  |TAMS 0x0000000087f00000, 0x0000000087f00000| Untracked 
| 127|0x0000000087f00000, 0x0000000088000000, 0x0000000088000000|100%| O|  |TAMS 0x0000000088000000, 0x0000000088000000| Untracked 
| 128|0x0000000088000000, 0x0000000088100000, 0x0000000088100000|100%| O|  |TAMS 0x0000000088000000, 0x0000000088100000| Untracked 
| 129|0x0000000088100000, 0x0000000088200000, 0x0000000088200000|100%| O|  |TAMS 0x0000000088100000, 0x0000000088200000| Untracked 
| 130|0x0000000088200000, 0x0000000088200000, 0x0000000088300000|  0%| F|  |TAMS 0x0000000088200000, 0x0000000088200000| Untracked 
| 131|0x0000000088300000, 0x0000000088300000, 0x0000000088400000|  0%| F|  |TAMS 0x0000000088300000, 0x0000000088300000| Untracked 
| 132|0x0000000088400000, 0x0000000088400000, 0x0000000088500000|  0%| F|  |TAMS 0x0000000088400000, 0x0000000088400000| Untracked 
| 133|0x0000000088500000, 0x000000008859c800, 0x0000000088600000| 61%| O|  |TAMS 0x0000000088500000, 0x000000008859c800| Untracked 
| 134|0x0000000088600000, 0x0000000088600000, 0x0000000088700000|  0%| F|  |TAMS 0x0000000088600000, 0x0000000088600000| Untracked 
| 135|0x0000000088700000, 0x0000000088700000, 0x0000000088800000|  0%| F|  |TAMS 0x0000000088700000, 0x0000000088700000| Untracked 
| 136|0x0000000088800000, 0x0000000088800000, 0x0000000088900000|  0%| F|  |TAMS 0x0000000088800000, 0x0000000088800000| Untracked 
| 137|0x0000000088900000, 0x0000000088900000, 0x0000000088a00000|  0%| F|  |TAMS 0x0000000088900000, 0x0000000088900000| Untracked 
| 138|0x0000000088a00000, 0x0000000088a00000, 0x0000000088b00000|  0%| F|  |TAMS 0x0000000088a00000, 0x0000000088a00000| Untracked 
| 139|0x0000000088b00000, 0x0000000088b00000, 0x0000000088c00000|  0%| F|  |TAMS 0x0000000088b00000, 0x0000000088b00000| Untracked 
| 140|0x0000000088c00000, 0x0000000088c00000, 0x0000000088d00000|  0%| F|  |TAMS 0x0000000088c00000, 0x0000000088c00000| Untracked 
| 141|0x0000000088d00000, 0x0000000088d00000, 0x0000000088e00000|  0%| F|  |TAMS 0x0000000088d00000, 0x0000000088d00000| Untracked 
| 142|0x0000000088e00000, 0x0000000088e00000, 0x0000000088f00000|  0%| F|  |TAMS 0x0000000088e00000, 0x0000000088e00000| Untracked 
| 143|0x0000000088f00000, 0x0000000088f00000, 0x0000000089000000|  0%| F|  |TAMS 0x0000000088f00000, 0x0000000088f00000| Untracked 
| 144|0x0000000089000000, 0x0000000089100000, 0x0000000089100000|100%| O|  |TAMS 0x0000000089100000, 0x0000000089100000| Untracked 
| 145|0x0000000089100000, 0x0000000089200000, 0x0000000089200000|100%| O|  |TAMS 0x0000000089200000, 0x0000000089200000| Untracked 
| 146|0x0000000089200000, 0x0000000089300000, 0x0000000089300000|100%| O|  |TAMS 0x0000000089300000, 0x0000000089300000| Untracked 
| 147|0x0000000089300000, 0x0000000089400000, 0x0000000089400000|100%| O|  |TAMS 0x0000000089400000, 0x0000000089400000| Untracked 
| 148|0x0000000089400000, 0x0000000089500000, 0x0000000089500000|100%| O|  |TAMS 0x0000000089500000, 0x0000000089500000| Untracked 
| 149|0x0000000089500000, 0x0000000089600000, 0x0000000089600000|100%| O|  |TAMS 0x0000000089600000, 0x0000000089600000| Untracked 
| 150|0x0000000089600000, 0x0000000089700000, 0x0000000089700000|100%| O|  |TAMS 0x0000000089700000, 0x0000000089700000| Untracked 
| 151|0x0000000089700000, 0x0000000089800000, 0x0000000089800000|100%| O|  |TAMS 0x0000000089800000, 0x0000000089800000| Untracked 
| 152|0x0000000089800000, 0x0000000089800000, 0x0000000089900000|  0%| F|  |TAMS 0x0000000089800000, 0x0000000089800000| Untracked 
| 153|0x0000000089900000, 0x0000000089a00000, 0x0000000089a00000|100%| O|  |TAMS 0x0000000089a00000, 0x0000000089a00000| Untracked 
| 154|0x0000000089a00000, 0x0000000089a00000, 0x0000000089b00000|  0%| F|  |TAMS 0x0000000089a00000, 0x0000000089a00000| Untracked 
| 155|0x0000000089b00000, 0x0000000089b00000, 0x0000000089c00000|  0%| F|  |TAMS 0x0000000089b00000, 0x0000000089b00000| Untracked 
| 156|0x0000000089c00000, 0x0000000089c00000, 0x0000000089d00000|  0%| F|  |TAMS 0x0000000089c00000, 0x0000000089c00000| Untracked 
| 157|0x0000000089d00000, 0x0000000089d00000, 0x0000000089e00000|  0%| F|  |TAMS 0x0000000089d00000, 0x0000000089d00000| Untracked 
| 158|0x0000000089e00000, 0x0000000089e00000, 0x0000000089f00000|  0%| F|  |TAMS 0x0000000089e00000, 0x0000000089e00000| Untracked 
| 159|0x0000000089f00000, 0x0000000089f00000, 0x000000008a000000|  0%| F|  |TAMS 0x0000000089f00000, 0x0000000089f00000| Untracked 
| 160|0x000000008a000000, 0x000000008a000000, 0x000000008a100000|  0%| F|  |TAMS 0x000000008a000000, 0x000000008a000000| Untracked 
| 161|0x000000008a100000, 0x000000008a100000, 0x000000008a200000|  0%| F|  |TAMS 0x000000008a100000, 0x000000008a100000| Untracked 
| 162|0x000000008a200000, 0x000000008a200000, 0x000000008a300000|  0%| F|  |TAMS 0x000000008a200000, 0x000000008a200000| Untracked 
| 163|0x000000008a300000, 0x000000008a300000, 0x000000008a400000|  0%| F|  |TAMS 0x000000008a300000, 0x000000008a300000| Untracked 
| 164|0x000000008a400000, 0x000000008a400000, 0x000000008a500000|  0%| F|  |TAMS 0x000000008a400000, 0x000000008a400000| Untracked 
| 165|0x000000008a500000, 0x000000008a500000, 0x000000008a600000|  0%| F|  |TAMS 0x000000008a500000, 0x000000008a500000| Untracked 
| 166|0x000000008a600000, 0x000000008a600000, 0x000000008a700000|  0%| F|  |TAMS 0x000000008a600000, 0x000000008a600000| Untracked 
| 167|0x000000008a700000, 0x000000008a700000, 0x000000008a800000|  0%| F|  |TAMS 0x000000008a700000, 0x000000008a700000| Untracked 
| 168|0x000000008a800000, 0x000000008a800000, 0x000000008a900000|  0%| F|  |TAMS 0x000000008a800000, 0x000000008a800000| Untracked 
| 169|0x000000008a900000, 0x000000008a900000, 0x000000008aa00000|  0%| F|  |TAMS 0x000000008a900000, 0x000000008a900000| Untracked 
| 170|0x000000008aa00000, 0x000000008aa00000, 0x000000008ab00000|  0%| F|  |TAMS 0x000000008aa00000, 0x000000008aa00000| Untracked 
| 171|0x000000008ab00000, 0x000000008ab00000, 0x000000008ac00000|  0%| F|  |TAMS 0x000000008ab00000, 0x000000008ab00000| Untracked 
| 172|0x000000008ac00000, 0x000000008aca0fe0, 0x000000008ad00000| 62%| S|CS|TAMS 0x000000008ac00000, 0x000000008ac00000| Complete 
| 173|0x000000008ad00000, 0x000000008ae00000, 0x000000008ae00000|100%| S|CS|TAMS 0x000000008ad00000, 0x000000008ad00000| Complete 
| 174|0x000000008ae00000, 0x000000008af00000, 0x000000008af00000|100%| S|CS|TAMS 0x000000008ae00000, 0x000000008ae00000| Complete 
| 175|0x000000008af00000, 0x000000008b000000, 0x000000008b000000|100%| S|CS|TAMS 0x000000008af00000, 0x000000008af00000| Complete 
| 176|0x000000008b000000, 0x000000008b100000, 0x000000008b100000|100%| S|CS|TAMS 0x000000008b000000, 0x000000008b000000| Complete 
| 177|0x000000008b100000, 0x000000008b200000, 0x000000008b200000|100%| S|CS|TAMS 0x000000008b100000, 0x000000008b100000| Complete 
| 178|0x000000008b200000, 0x000000008b300000, 0x000000008b300000|100%| S|CS|TAMS 0x000000008b200000, 0x000000008b200000| Complete 
| 179|0x000000008b300000, 0x000000008b400000, 0x000000008b400000|100%| S|CS|TAMS 0x000000008b300000, 0x000000008b300000| Complete 
| 180|0x000000008b400000, 0x000000008b500000, 0x000000008b500000|100%| S|CS|TAMS 0x000000008b400000, 0x000000008b400000| Complete 
| 181|0x000000008b500000, 0x000000008b600000, 0x000000008b600000|100%| S|CS|TAMS 0x000000008b500000, 0x000000008b500000| Complete 
| 182|0x000000008b600000, 0x000000008b600000, 0x000000008b700000|  0%| F|  |TAMS 0x000000008b600000, 0x000000008b600000| Untracked 
| 183|0x000000008b700000, 0x000000008b700000, 0x000000008b800000|  0%| F|  |TAMS 0x000000008b700000, 0x000000008b700000| Untracked 
| 184|0x000000008b800000, 0x000000008b800000, 0x000000008b900000|  0%| F|  |TAMS 0x000000008b800000, 0x000000008b800000| Untracked 
| 185|0x000000008b900000, 0x000000008b900000, 0x000000008ba00000|  0%| F|  |TAMS 0x000000008b900000, 0x000000008b900000| Untracked 
| 186|0x000000008ba00000, 0x000000008ba00000, 0x000000008bb00000|  0%| F|  |TAMS 0x000000008ba00000, 0x000000008ba00000| Untracked 
| 187|0x000000008bb00000, 0x000000008bb00000, 0x000000008bc00000|  0%| F|  |TAMS 0x000000008bb00000, 0x000000008bb00000| Untracked 
| 188|0x000000008bc00000, 0x000000008bc00000, 0x000000008bd00000|  0%| F|  |TAMS 0x000000008bc00000, 0x000000008bc00000| Untracked 
| 189|0x000000008bd00000, 0x000000008bd00000, 0x000000008be00000|  0%| F|  |TAMS 0x000000008bd00000, 0x000000008bd00000| Untracked 
| 190|0x000000008be00000, 0x000000008be00000, 0x000000008bf00000|  0%| F|  |TAMS 0x000000008be00000, 0x000000008be00000| Untracked 
| 191|0x000000008bf00000, 0x000000008bf00000, 0x000000008c000000|  0%| F|  |TAMS 0x000000008bf00000, 0x000000008bf00000| Untracked 
| 192|0x000000008c000000, 0x000000008c000000, 0x000000008c100000|  0%| F|  |TAMS 0x000000008c000000, 0x000000008c000000| Untracked 
| 193|0x000000008c100000, 0x000000008c100000, 0x000000008c200000|  0%| F|  |TAMS 0x000000008c100000, 0x000000008c100000| Untracked 
| 194|0x000000008c200000, 0x000000008c200000, 0x000000008c300000|  0%| F|  |TAMS 0x000000008c200000, 0x000000008c200000| Untracked 
| 195|0x000000008c300000, 0x000000008c300000, 0x000000008c400000|  0%| F|  |TAMS 0x000000008c300000, 0x000000008c300000| Untracked 
| 196|0x000000008c400000, 0x000000008c400000, 0x000000008c500000|  0%| F|  |TAMS 0x000000008c400000, 0x000000008c400000| Untracked 
| 197|0x000000008c500000, 0x000000008c500000, 0x000000008c600000|  0%| F|  |TAMS 0x000000008c500000, 0x000000008c500000| Untracked 
| 198|0x000000008c600000, 0x000000008c600000, 0x000000008c700000|  0%| F|  |TAMS 0x000000008c600000, 0x000000008c600000| Untracked 
| 199|0x000000008c700000, 0x000000008c700000, 0x000000008c800000|  0%| F|  |TAMS 0x000000008c700000, 0x000000008c700000| Untracked 
| 200|0x000000008c800000, 0x000000008c800000, 0x000000008c900000|  0%| F|  |TAMS 0x000000008c800000, 0x000000008c800000| Untracked 
| 201|0x000000008c900000, 0x000000008c900000, 0x000000008ca00000|  0%| F|  |TAMS 0x000000008c900000, 0x000000008c900000| Untracked 
| 202|0x000000008ca00000, 0x000000008ca00000, 0x000000008cb00000|  0%| F|  |TAMS 0x000000008ca00000, 0x000000008ca00000| Untracked 
| 203|0x000000008cb00000, 0x000000008cb00000, 0x000000008cc00000|  0%| F|  |TAMS 0x000000008cb00000, 0x000000008cb00000| Untracked 
| 204|0x000000008cc00000, 0x000000008cc00000, 0x000000008cd00000|  0%| F|  |TAMS 0x000000008cc00000, 0x000000008cc00000| Untracked 
| 205|0x000000008cd00000, 0x000000008cd00000, 0x000000008ce00000|  0%| F|  |TAMS 0x000000008cd00000, 0x000000008cd00000| Untracked 
| 206|0x000000008ce00000, 0x000000008ce00000, 0x000000008cf00000|  0%| F|  |TAMS 0x000000008ce00000, 0x000000008ce00000| Untracked 
| 207|0x000000008cf00000, 0x000000008cf00000, 0x000000008d000000|  0%| F|  |TAMS 0x000000008cf00000, 0x000000008cf00000| Untracked 
| 208|0x000000008d000000, 0x000000008d000000, 0x000000008d100000|  0%| F|  |TAMS 0x000000008d000000, 0x000000008d000000| Untracked 
| 209|0x000000008d100000, 0x000000008d100000, 0x000000008d200000|  0%| F|  |TAMS 0x000000008d100000, 0x000000008d100000| Untracked 
| 210|0x000000008d200000, 0x000000008d200000, 0x000000008d300000|  0%| F|  |TAMS 0x000000008d200000, 0x000000008d200000| Untracked 
| 211|0x000000008d300000, 0x000000008d300000, 0x000000008d400000|  0%| F|  |TAMS 0x000000008d300000, 0x000000008d300000| Untracked 
| 212|0x000000008d400000, 0x000000008d400000, 0x000000008d500000|  0%| F|  |TAMS 0x000000008d400000, 0x000000008d400000| Untracked 
| 213|0x000000008d500000, 0x000000008d500000, 0x000000008d600000|  0%| F|  |TAMS 0x000000008d500000, 0x000000008d500000| Untracked 
| 214|0x000000008d600000, 0x000000008d600000, 0x000000008d700000|  0%| F|  |TAMS 0x000000008d600000, 0x000000008d600000| Untracked 
| 215|0x000000008d700000, 0x000000008d700000, 0x000000008d800000|  0%| F|  |TAMS 0x000000008d700000, 0x000000008d700000| Untracked 
| 216|0x000000008d800000, 0x000000008d800000, 0x000000008d900000|  0%| F|  |TAMS 0x000000008d800000, 0x000000008d800000| Untracked 
| 217|0x000000008d900000, 0x000000008d900000, 0x000000008da00000|  0%| F|  |TAMS 0x000000008d900000, 0x000000008d900000| Untracked 
| 218|0x000000008da00000, 0x000000008da00000, 0x000000008db00000|  0%| F|  |TAMS 0x000000008da00000, 0x000000008da00000| Untracked 
| 219|0x000000008db00000, 0x000000008db00000, 0x000000008dc00000|  0%| F|  |TAMS 0x000000008db00000, 0x000000008db00000| Untracked 
| 220|0x000000008dc00000, 0x000000008dc00000, 0x000000008dd00000|  0%| F|  |TAMS 0x000000008dc00000, 0x000000008dc00000| Untracked 
| 221|0x000000008dd00000, 0x000000008dd00000, 0x000000008de00000|  0%| F|  |TAMS 0x000000008dd00000, 0x000000008dd00000| Untracked 
| 222|0x000000008de00000, 0x000000008de00000, 0x000000008df00000|  0%| F|  |TAMS 0x000000008de00000, 0x000000008de00000| Untracked 
| 223|0x000000008df00000, 0x000000008df00000, 0x000000008e000000|  0%| F|  |TAMS 0x000000008df00000, 0x000000008df00000| Untracked 
| 224|0x000000008e000000, 0x000000008e000000, 0x000000008e100000|  0%| F|  |TAMS 0x000000008e000000, 0x000000008e000000| Untracked 
| 225|0x000000008e100000, 0x000000008e100000, 0x000000008e200000|  0%| F|  |TAMS 0x000000008e100000, 0x000000008e100000| Untracked 
| 226|0x000000008e200000, 0x000000008e200000, 0x000000008e300000|  0%| F|  |TAMS 0x000000008e200000, 0x000000008e200000| Untracked 
| 227|0x000000008e300000, 0x000000008e300000, 0x000000008e400000|  0%| F|  |TAMS 0x000000008e300000, 0x000000008e300000| Untracked 
| 228|0x000000008e400000, 0x000000008e400000, 0x000000008e500000|  0%| F|  |TAMS 0x000000008e400000, 0x000000008e400000| Untracked 
| 229|0x000000008e500000, 0x000000008e500000, 0x000000008e600000|  0%| F|  |TAMS 0x000000008e500000, 0x000000008e500000| Untracked 
| 230|0x000000008e600000, 0x000000008e600000, 0x000000008e700000|  0%| F|  |TAMS 0x000000008e600000, 0x000000008e600000| Untracked 
| 231|0x000000008e700000, 0x000000008e700000, 0x000000008e800000|  0%| F|  |TAMS 0x000000008e700000, 0x000000008e700000| Untracked 
| 232|0x000000008e800000, 0x000000008e800000, 0x000000008e900000|  0%| F|  |TAMS 0x000000008e800000, 0x000000008e800000| Untracked 
| 233|0x000000008e900000, 0x000000008e900000, 0x000000008ea00000|  0%| F|  |TAMS 0x000000008e900000, 0x000000008e900000| Untracked 
| 234|0x000000008ea00000, 0x000000008ea00000, 0x000000008eb00000|  0%| F|  |TAMS 0x000000008ea00000, 0x000000008ea00000| Untracked 
| 235|0x000000008eb00000, 0x000000008eb00000, 0x000000008ec00000|  0%| F|  |TAMS 0x000000008eb00000, 0x000000008eb00000| Untracked 
| 236|0x000000008ec00000, 0x000000008ec00000, 0x000000008ed00000|  0%| F|  |TAMS 0x000000008ec00000, 0x000000008ec00000| Untracked 
| 237|0x000000008ed00000, 0x000000008ed00000, 0x000000008ee00000|  0%| F|  |TAMS 0x000000008ed00000, 0x000000008ed00000| Untracked 
| 238|0x000000008ee00000, 0x000000008ee00000, 0x000000008ef00000|  0%| F|  |TAMS 0x000000008ee00000, 0x000000008ee00000| Untracked 
| 239|0x000000008ef00000, 0x000000008ef00000, 0x000000008f000000|  0%| F|  |TAMS 0x000000008ef00000, 0x000000008ef00000| Untracked 
| 240|0x000000008f000000, 0x000000008f000000, 0x000000008f100000|  0%| F|  |TAMS 0x000000008f000000, 0x000000008f000000| Untracked 
| 241|0x000000008f100000, 0x000000008f100000, 0x000000008f200000|  0%| F|  |TAMS 0x000000008f100000, 0x000000008f100000| Untracked 
| 242|0x000000008f200000, 0x000000008f200000, 0x000000008f300000|  0%| F|  |TAMS 0x000000008f200000, 0x000000008f200000| Untracked 
| 243|0x000000008f300000, 0x000000008f300000, 0x000000008f400000|  0%| F|  |TAMS 0x000000008f300000, 0x000000008f300000| Untracked 
| 244|0x000000008f400000, 0x000000008f400000, 0x000000008f500000|  0%| F|  |TAMS 0x000000008f400000, 0x000000008f400000| Untracked 
| 245|0x000000008f500000, 0x000000008f500000, 0x000000008f600000|  0%| F|  |TAMS 0x000000008f500000, 0x000000008f500000| Untracked 
| 246|0x000000008f600000, 0x000000008f600000, 0x000000008f700000|  0%| F|  |TAMS 0x000000008f600000, 0x000000008f600000| Untracked 
| 247|0x000000008f700000, 0x000000008f700000, 0x000000008f800000|  0%| F|  |TAMS 0x000000008f700000, 0x000000008f700000| Untracked 
| 248|0x000000008f800000, 0x000000008f800000, 0x000000008f900000|  0%| F|  |TAMS 0x000000008f800000, 0x000000008f800000| Untracked 
| 249|0x000000008f900000, 0x000000008f900000, 0x000000008fa00000|  0%| F|  |TAMS 0x000000008f900000, 0x000000008f900000| Untracked 
| 250|0x000000008fa00000, 0x000000008fa00000, 0x000000008fb00000|  0%| F|  |TAMS 0x000000008fa00000, 0x000000008fa00000| Untracked 
| 251|0x000000008fb00000, 0x000000008fb00000, 0x000000008fc00000|  0%| F|  |TAMS 0x000000008fb00000, 0x000000008fb00000| Untracked 
| 252|0x000000008fc00000, 0x000000008fc00000, 0x000000008fd00000|  0%| F|  |TAMS 0x000000008fc00000, 0x000000008fc00000| Untracked 
| 253|0x000000008fd00000, 0x000000008fd00000, 0x000000008fe00000|  0%| F|  |TAMS 0x000000008fd00000, 0x000000008fd00000| Untracked 
| 254|0x000000008fe00000, 0x000000008fe00000, 0x000000008ff00000|  0%| F|  |TAMS 0x000000008fe00000, 0x000000008fe00000| Untracked 
| 255|0x000000008ff00000, 0x000000008ff00000, 0x0000000090000000|  0%| F|  |TAMS 0x000000008ff00000, 0x000000008ff00000| Untracked 
| 256|0x0000000090000000, 0x0000000090000000, 0x0000000090100000|  0%| F|  |TAMS 0x0000000090000000, 0x0000000090000000| Untracked 
| 257|0x0000000090100000, 0x0000000090100000, 0x0000000090200000|  0%| F|  |TAMS 0x0000000090100000, 0x0000000090100000| Untracked 
| 258|0x0000000090200000, 0x0000000090200000, 0x0000000090300000|  0%| F|  |TAMS 0x0000000090200000, 0x0000000090200000| Untracked 
| 259|0x0000000090300000, 0x0000000090300000, 0x0000000090400000|  0%| F|  |TAMS 0x0000000090300000, 0x0000000090300000| Untracked 
| 260|0x0000000090400000, 0x0000000090400000, 0x0000000090500000|  0%| F|  |TAMS 0x0000000090400000, 0x0000000090400000| Untracked 
| 261|0x0000000090500000, 0x0000000090500000, 0x0000000090600000|  0%| F|  |TAMS 0x0000000090500000, 0x0000000090500000| Untracked 
| 262|0x0000000090600000, 0x0000000090600000, 0x0000000090700000|  0%| F|  |TAMS 0x0000000090600000, 0x0000000090600000| Untracked 
| 263|0x0000000090700000, 0x0000000090700000, 0x0000000090800000|  0%| F|  |TAMS 0x0000000090700000, 0x0000000090700000| Untracked 
| 264|0x0000000090800000, 0x0000000090800000, 0x0000000090900000|  0%| F|  |TAMS 0x0000000090800000, 0x0000000090800000| Untracked 
| 265|0x0000000090900000, 0x0000000090900000, 0x0000000090a00000|  0%| F|  |TAMS 0x0000000090900000, 0x0000000090900000| Untracked 
| 266|0x0000000090a00000, 0x0000000090a00000, 0x0000000090b00000|  0%| F|  |TAMS 0x0000000090a00000, 0x0000000090a00000| Untracked 
| 267|0x0000000090b00000, 0x0000000090b00000, 0x0000000090c00000|  0%| F|  |TAMS 0x0000000090b00000, 0x0000000090b00000| Untracked 
| 268|0x0000000090c00000, 0x0000000090c00000, 0x0000000090d00000|  0%| F|  |TAMS 0x0000000090c00000, 0x0000000090c00000| Untracked 
| 269|0x0000000090d00000, 0x0000000090d00000, 0x0000000090e00000|  0%| F|  |TAMS 0x0000000090d00000, 0x0000000090d00000| Untracked 

Card table byte_map: [0x0000017749940000,0x0000017749d40000] _byte_map_base: 0x0000017749540000

Marking Bits (Prev, Next): (CMBitMap*) 0x00000177370c7f20, (CMBitMap*) 0x00000177370c7ee0
 Prev Bits: [0x000001774c140000, 0x000001774e140000)
 Next Bits: [0x000001774a140000, 0x000001774c140000)

Polling page: 0x0000017734dd0000

Metaspace:

Usage:
  Non-class:    123.17 MB used.
      Class:     19.06 MB used.
       Both:    142.23 MB used.

Virtual space:
  Non-class space:      128.00 MB reserved,     123.75 MB ( 97%) committed,  16 nodes.
      Class space:        1.00 GB reserved,      19.56 MB (  2%) committed,  1 nodes.
             Both:        1.12 GB reserved,     143.31 MB ( 12%) committed. 

Chunk freelists:
   Non-Class:  3.88 MB
       Class:  480.00 KB
        Both:  4.35 MB

MaxMetaspaceSize: unlimited
CompressedClassSpaceSize: 1.00 GB
Initial GC threshold: 21.00 MB
Current GC threshold: 238.12 MB
CDS: off
MetaspaceReclaimPolicy: balanced
 - commit_granule_bytes: 65536.
 - commit_granule_words: 8192.
 - virtual_space_node_default_size: 1048576.
 - enlarge_chunks_in_place: 1.
 - new_chunks_are_fully_committed: 0.
 - uncommit_free_chunks: 1.
 - use_allocation_guard: 0.
 - handle_deallocations: 1.


Internal statistics:

num_allocs_failed_limit: 6.
num_arena_births: 1976.
num_arena_deaths: 30.
num_vsnodes_births: 17.
num_vsnodes_deaths: 0.
num_space_committed: 2292.
num_space_uncommitted: 0.
num_chunks_returned_to_freelist: 49.
num_chunks_taken_from_freelist: 7718.
num_chunk_merges: 6.
num_chunk_splits: 5033.
num_chunks_enlarged: 3264.
num_purges: 4.
num_inconsistent_stats: 0.

CodeHeap 'non-profiled nmethods': size=120000Kb used=13506Kb max_used=13506Kb free=106493Kb
 bounds [0x0000017742010000, 0x0000017742d50000, 0x0000017749540000]
CodeHeap 'profiled nmethods': size=120000Kb used=42305Kb max_used=42305Kb free=77694Kb
 bounds [0x000001773a540000, 0x000001773cea0000, 0x0000017741a70000]
CodeHeap 'non-nmethods': size=5760Kb used=2497Kb max_used=2559Kb free=3262Kb
 bounds [0x0000017741a70000, 0x0000017741d10000, 0x0000017742010000]
 total_blobs=21519 nmethods=20472 adapters=958
 compilation: enabled
              stopped_count=0, restarted_count=0
 full_count=0

Compilation events (20 events):
Event: 2115.182 Thread 0x000001775105f710 24420       3       org.jetbrains.kotlin.gradle.plugin.KotlinPlatformType$CompatibilityRule::execute (61 bytes)
Event: 2115.183 Thread 0x000001775105f710 nmethod 24420 0x000001773ce8f090 code [0x000001773ce8f2e0, 0x000001773ce8fb58]
Event: 2115.184 Thread 0x000001775a891980 nmethod 24231 0x0000017742d3db10 code [0x0000017742d3dce0, 0x0000017742d3e158]
Event: 2115.184 Thread 0x000001775a891980 24418       4       org.gradle.internal.component.external.model.GradleDependencyMetadata::<init> (30 bytes)
Event: 2115.185 Thread 0x000001775105a8a0 nmethod 24407 0x0000017742d3e510 code [0x0000017742d3e6c0, 0x0000017742d3eaa8]
Event: 2115.185 Thread 0x000001775105a8a0 24419       4       org.gradle.internal.component.external.model.GradleDependencyMetadata::<init> (44 bytes)
Event: 2115.188 Thread 0x000001775a891980 nmethod 24418 0x0000017742d3ef90 code [0x0000017742d3f100, 0x0000017742d3f578]
Event: 2115.188 Thread 0x000001775a891980 24421       4       org.gradle.api.internal.artifacts.ivyservice.resolveengine.result.DependencyResultSerializer::write (116 bytes)
Event: 2115.188 Thread 0x000001775105f710 24422       3       org.gradle.api.internal.artifacts.ivyservice.resolveengine.artifact.ArtifactBackedResolvedVariant$SingleArtifactSet::<init> (26 bytes)
Event: 2115.188 Thread 0x000001775105f710 nmethod 24422 0x000001773ce8ff10 code [0x000001773ce900c0, 0x000001773ce90398]
Event: 2115.189 Thread 0x000001775105f710 24423       1       org.gradle.api.internal.artifacts.transform.DefaultTransformer$IsolateTransformerParameters::access$000 (5 bytes)
Event: 2115.189 Thread 0x000001775105a8a0 nmethod 24419 0x0000017742d3f690 code [0x0000017742d3f800, 0x0000017742d3fc58]
Event: 2115.189 Thread 0x000001775105a8a0 24415       4       com.google.common.collect.IndexedImmutableSet::iterator (5 bytes)
Event: 2115.189 Thread 0x000001775105f710 nmethod 24423 0x0000017742d3fd10 code [0x0000017742d3fea0, 0x0000017742d3ff58]
Event: 2115.189 Thread 0x000001775105f710 24424       1       org.gradle.api.internal.artifacts.transform.DefaultTransformer$IsolateTransformerParameters::access$100 (5 bytes)
Event: 2115.189 Thread 0x000001775105f710 nmethod 24424 0x0000017742d40010 code [0x0000017742d401a0, 0x0000017742d40258]
Event: 2115.189 Thread 0x000001775105f710 24425       1       org.gradle.api.internal.artifacts.transform.DefaultTransformer$IsolateTransformerParameters::access$200 (5 bytes)
Event: 2115.189 Thread 0x000001775105f710 nmethod 24425 0x0000017742d40310 code [0x0000017742d404a0, 0x0000017742d40558]
Event: 2115.189 Thread 0x000001775105f710 24426       1       org.gradle.api.internal.artifacts.transform.DefaultTransformer$IsolateTransformerParameters::access$300 (5 bytes)
Event: 2115.189 Thread 0x000001775105f710 nmethod 24426 0x0000017742d40610 code [0x0000017742d407a0, 0x0000017742d40858]

GC Heap History (20 events):
Event: 450.026 GC heap after
{Heap after GC invocations=80 (full 0):
 garbage-first heap   total 260096K, used 140976K [0x0000000080000000, 0x0000000100000000)
  region size 1024K, 2 young (2048K), 2 survivors (2048K)
 Metaspace       used 143050K, committed 144000K, reserved 1179648K
  class space    used 19403K, committed 19840K, reserved 1048576K
}
Event: 453.852 GC heap before
{Heap before GC invocations=80 (full 0):
 garbage-first heap   total 260096K, used 210608K [0x0000000080000000, 0x0000000100000000)
  region size 1024K, 72 young (73728K), 2 survivors (2048K)
 Metaspace       used 143600K, committed 144576K, reserved 1179648K
  class space    used 19416K, committed 19840K, reserved 1048576K
}
Event: 453.859 GC heap after
{Heap after GC invocations=81 (full 0):
 garbage-first heap   total 260096K, used 144951K [0x0000000080000000, 0x0000000100000000)
  region size 1024K, 6 young (6144K), 6 survivors (6144K)
 Metaspace       used 143600K, committed 144576K, reserved 1179648K
  class space    used 19416K, committed 19840K, reserved 1048576K
}
Event: 514.883 GC heap before
{Heap before GC invocations=82 (full 0):
 garbage-first heap   total 273408K, used 229943K [0x0000000080000000, 0x0000000100000000)
  region size 1024K, 75 young (76800K), 6 survivors (6144K)
 Metaspace       used 144036K, committed 145024K, reserved 1179648K
  class space    used 19435K, committed 19904K, reserved 1048576K
}
Event: 514.899 GC heap after
{Heap after GC invocations=83 (full 0):
 garbage-first heap   total 273408K, used 148979K [0x0000000080000000, 0x0000000100000000)
  region size 1024K, 10 young (10240K), 10 survivors (10240K)
 Metaspace       used 144036K, committed 145024K, reserved 1179648K
  class space    used 19435K, committed 19904K, reserved 1048576K
}
Event: 514.980 GC heap before
{Heap before GC invocations=83 (full 0):
 garbage-first heap   total 273408K, used 152051K [0x0000000080000000, 0x0000000100000000)
  region size 1024K, 13 young (13312K), 10 survivors (10240K)
 Metaspace       used 144036K, committed 145024K, reserved 1179648K
  class space    used 19435K, committed 19904K, reserved 1048576K
}
Event: 515.009 GC heap after
{Heap after GC invocations=84 (full 0):
 garbage-first heap   total 273408K, used 137592K [0x0000000080000000, 0x0000000100000000)
  region size 1024K, 2 young (2048K), 2 survivors (2048K)
 Metaspace       used 144036K, committed 145024K, reserved 1179648K
  class space    used 19435K, committed 19904K, reserved 1048576K
}
Event: 518.894 GC heap before
{Heap before GC invocations=84 (full 0):
 garbage-first heap   total 273408K, used 193912K [0x0000000080000000, 0x0000000100000000)
  region size 1024K, 59 young (60416K), 2 survivors (2048K)
 Metaspace       used 144428K, committed 145472K, reserved 1179648K
  class space    used 19453K, committed 19904K, reserved 1048576K
}
Event: 518.899 GC heap after
{Heap after GC invocations=85 (full 0):
 garbage-first heap   total 273408K, used 139123K [0x0000000080000000, 0x0000000100000000)
  region size 1024K, 4 young (4096K), 4 survivors (4096K)
 Metaspace       used 144428K, committed 145472K, reserved 1179648K
  class space    used 19453K, committed 19904K, reserved 1048576K
}
Event: 1183.209 GC heap before
{Heap before GC invocations=86 (full 0):
 garbage-first heap   total 273408K, used 239475K [0x0000000080000000, 0x0000000100000000)
  region size 1024K, 86 young (88064K), 4 survivors (4096K)
 Metaspace       used 144823K, committed 145856K, reserved 1179648K
  class space    used 19483K, committed 19968K, reserved 1048576K
}
Event: 1183.221 GC heap after
{Heap after GC invocations=87 (full 0):
 garbage-first heap   total 273408K, used 145925K [0x0000000080000000, 0x0000000100000000)
  region size 1024K, 10 young (10240K), 10 survivors (10240K)
 Metaspace       used 144823K, committed 145856K, reserved 1179648K
  class space    used 19483K, committed 19968K, reserved 1048576K
}
Event: 1183.244 GC heap before
{Heap before GC invocations=87 (full 0):
 garbage-first heap   total 273408K, used 148997K [0x0000000080000000, 0x0000000100000000)
  region size 1024K, 13 young (13312K), 10 survivors (10240K)
 Metaspace       used 144853K, committed 145920K, reserved 1179648K
  class space    used 19491K, committed 19968K, reserved 1048576K
}
Event: 1183.264 GC heap after
{Heap after GC invocations=88 (full 0):
 garbage-first heap   total 273408K, used 138702K [0x0000000080000000, 0x0000000100000000)
  region size 1024K, 2 young (2048K), 2 survivors (2048K)
 Metaspace       used 144853K, committed 145920K, reserved 1179648K
  class space    used 19491K, committed 19968K, reserved 1048576K
}
Event: 1186.472 GC heap before
{Heap before GC invocations=88 (full 0):
 garbage-first heap   total 273408K, used 192974K [0x0000000080000000, 0x0000000100000000)
  region size 1024K, 57 young (58368K), 2 survivors (2048K)
 Metaspace       used 145133K, committed 146304K, reserved 1179648K
  class space    used 19506K, committed 20032K, reserved 1048576K
}
Event: 1186.480 GC heap after
{Heap after GC invocations=89 (full 0):
 garbage-first heap   total 273408K, used 140670K [0x0000000080000000, 0x0000000100000000)
  region size 1024K, 4 young (4096K), 4 survivors (4096K)
 Metaspace       used 145133K, committed 146304K, reserved 1179648K
  class space    used 19506K, committed 20032K, reserved 1048576K
}
Event: 2091.075 GC heap before
{Heap before GC invocations=90 (full 0):
 garbage-first heap   total 276480K, used 242046K [0x0000000080000000, 0x0000000100000000)
  region size 1024K, 87 young (89088K), 4 survivors (4096K)
 Metaspace       used 145394K, committed 146560K, reserved 1179648K
  class space    used 19507K, committed 20032K, reserved 1048576K
}
Event: 2091.088 GC heap after
{Heap after GC invocations=91 (full 0):
 garbage-first heap   total 276480K, used 147182K [0x0000000080000000, 0x0000000100000000)
  region size 1024K, 10 young (10240K), 10 survivors (10240K)
 Metaspace       used 145394K, committed 146560K, reserved 1179648K
  class space    used 19507K, committed 20032K, reserved 1048576K
}
Event: 2091.100 GC heap before
{Heap before GC invocations=91 (full 0):
 garbage-first heap   total 276480K, used 149230K [0x0000000080000000, 0x0000000100000000)
  region size 1024K, 13 young (13312K), 10 survivors (10240K)
 Metaspace       used 145395K, committed 146560K, reserved 1179648K
  class space    used 19507K, committed 20032K, reserved 1048576K
}
Event: 2091.122 GC heap after
{Heap after GC invocations=92 (full 0):
 garbage-first heap   total 276480K, used 140289K [0x0000000080000000, 0x0000000100000000)
  region size 1024K, 2 young (2048K), 2 survivors (2048K)
 Metaspace       used 145395K, committed 146560K, reserved 1179648K
  class space    used 19507K, committed 20032K, reserved 1048576K
}
Event: 2115.191 GC heap before
{Heap before GC invocations=92 (full 0):
 garbage-first heap   total 276480K, used 228353K [0x0000000080000000, 0x0000000100000000)
  region size 1024K, 88 young (90112K), 2 survivors (2048K)
 Metaspace       used 145645K, committed 146752K, reserved 1179648K
  class space    used 19518K, committed 20032K, reserved 1048576K
}

Dll operation events (2 events):
Event: 0.005 Loaded shared library C:\Program Files\Android\Android Studio\jbr\bin\java.dll
Event: 0.342 Loaded shared library C:\Program Files\Android\Android Studio\jbr\bin\verify.dll

Deoptimization events (20 events):
Event: 2114.873 Thread 0x00000177593ecb70 DEOPT PACKING pc=0x000001773af47bbb sp=0x0000001fbe2f8940
Event: 2114.873 Thread 0x00000177593ecb70 DEOPT UNPACKING pc=0x0000017741ac7143 sp=0x0000001fbe2f7dd8 mode 0
Event: 2114.876 Thread 0x00000177593ecb70 DEOPT PACKING pc=0x000001773af47bbb sp=0x0000001fbe2f8940
Event: 2114.876 Thread 0x00000177593ecb70 DEOPT UNPACKING pc=0x0000017741ac7143 sp=0x0000001fbe2f7dd8 mode 0
Event: 2115.053 Thread 0x00000177593ecb70 DEOPT PACKING pc=0x000001773c7b62ae sp=0x0000001fbe2f9400
Event: 2115.053 Thread 0x00000177593ecb70 DEOPT UNPACKING pc=0x0000017741ac7143 sp=0x0000001fbe2f88a0 mode 0
Event: 2115.054 Thread 0x00000177593ecb70 DEOPT PACKING pc=0x000001773b59fd08 sp=0x0000001fbe2f9470
Event: 2115.054 Thread 0x00000177593ecb70 DEOPT UNPACKING pc=0x0000017741ac7143 sp=0x0000001fbe2f8930 mode 0
Event: 2115.054 Thread 0x00000177593ecb70 DEOPT PACKING pc=0x000001773c7b62ae sp=0x0000001fbe2f9370
Event: 2115.054 Thread 0x00000177593ecb70 DEOPT UNPACKING pc=0x0000017741ac7143 sp=0x0000001fbe2f8810 mode 0
Event: 2115.054 Thread 0x00000177593ecb70 DEOPT PACKING pc=0x000001773b59fd08 sp=0x0000001fbe2f9470
Event: 2115.054 Thread 0x00000177593ecb70 DEOPT UNPACKING pc=0x0000017741ac7143 sp=0x0000001fbe2f8930 mode 0
Event: 2115.059 Thread 0x00000177593ecb70 DEOPT PACKING pc=0x000001773c7b62ae sp=0x0000001fbe2f9350
Event: 2115.059 Thread 0x00000177593ecb70 DEOPT UNPACKING pc=0x0000017741ac7143 sp=0x0000001fbe2f87f0 mode 0
Event: 2115.060 Thread 0x00000177593ecb70 DEOPT PACKING pc=0x000001773b59fd08 sp=0x0000001fbe2f9340
Event: 2115.060 Thread 0x00000177593ecb70 DEOPT UNPACKING pc=0x0000017741ac7143 sp=0x0000001fbe2f8800 mode 0
Event: 2115.060 Thread 0x00000177593ecb70 DEOPT PACKING pc=0x000001773c7b62ae sp=0x0000001fbe2f92c0
Event: 2115.060 Thread 0x00000177593ecb70 DEOPT UNPACKING pc=0x0000017741ac7143 sp=0x0000001fbe2f8760 mode 0
Event: 2115.060 Thread 0x00000177593ecb70 DEOPT PACKING pc=0x000001773b59fd08 sp=0x0000001fbe2f93c0
Event: 2115.060 Thread 0x00000177593ecb70 DEOPT UNPACKING pc=0x0000017741ac7143 sp=0x0000001fbe2f8880 mode 0

Classes unloaded (15 events):
Event: 190.444 Thread 0x000001775101f6f0 Unloading class 0x0000000101084000 'jdk/internal/reflect/GeneratedSerializationConstructorAccessor163'
Event: 454.039 Thread 0x000001775101f6f0 Unloading class 0x0000000101308400 'java/lang/invoke/LambdaForm$DMH+0x0000000101308400'
Event: 454.039 Thread 0x000001775101f6f0 Unloading class 0x00000001012c0400 'java/lang/invoke/LambdaForm$DMH+0x00000001012c0400'
Event: 454.039 Thread 0x000001775101f6f0 Unloading class 0x0000000101288400 'java/lang/invoke/LambdaForm$DMH+0x0000000101288400'
Event: 454.039 Thread 0x000001775101f6f0 Unloading class 0x000000010126e000 'java/lang/invoke/LambdaForm$DMH+0x000000010126e000'
Event: 454.039 Thread 0x000001775101f6f0 Unloading class 0x000000010126dc00 'java/lang/invoke/LambdaForm$MH+0x000000010126dc00'
Event: 454.039 Thread 0x000001775101f6f0 Unloading class 0x000000010126d400 'java/lang/invoke/LambdaForm$DMH+0x000000010126d400'
Event: 454.039 Thread 0x000001775101f6f0 Unloading class 0x000000010126cc00 'java/lang/invoke/LambdaForm$DMH+0x000000010126cc00'
Event: 454.039 Thread 0x000001775101f6f0 Unloading class 0x000000010126c400 'java/lang/invoke/LambdaForm$DMH+0x000000010126c400'
Event: 454.039 Thread 0x000001775101f6f0 Unloading class 0x000000010120c800 'java/lang/invoke/LambdaForm$DMH+0x000000010120c800'
Event: 454.039 Thread 0x000001775101f6f0 Unloading class 0x0000000101170c00 'java/lang/invoke/LambdaForm$DMH+0x0000000101170c00'
Event: 454.039 Thread 0x000001775101f6f0 Unloading class 0x0000000101170000 'java/lang/invoke/LambdaForm$DMH+0x0000000101170000'
Event: 454.039 Thread 0x000001775101f6f0 Unloading class 0x0000000101134c00 'java/lang/invoke/LambdaForm$DMH+0x0000000101134c00'
Event: 454.039 Thread 0x000001775101f6f0 Unloading class 0x0000000101134400 'java/lang/invoke/LambdaForm$DMH+0x0000000101134400'
Event: 454.039 Thread 0x000001775101f6f0 Unloading class 0x00000001010f0400 'java/lang/invoke/LambdaForm$DMH+0x00000001010f0400'

Classes redefined (0 events):
No events

Internal exceptions (20 events):
Event: 2090.633 Thread 0x00000177593ecb70 Exception <a 'sun/nio/fs/WindowsException'{0x000000008d7d3510}> (0x000000008d7d3510) 
thrown [s\src\hotspot\share\prims\jni.cpp, line 517]
Event: 2090.819 Thread 0x00000177593ecb70 Exception <a 'sun/nio/fs/WindowsException'{0x000000008c4b5cf8}> (0x000000008c4b5cf8) 
thrown [s\src\hotspot\share\prims\jni.cpp, line 517]
Event: 2090.829 Thread 0x00000177593ecb70 Exception <a 'sun/nio/fs/WindowsException'{0x000000008c359ae8}> (0x000000008c359ae8) 
thrown [s\src\hotspot\share\prims\jni.cpp, line 517]
Event: 2090.829 Thread 0x00000177593ecb70 Exception <a 'sun/nio/fs/WindowsException'{0x000000008c35aea0}> (0x000000008c35aea0) 
thrown [s\src\hotspot\share\prims\jni.cpp, line 517]
Event: 2090.830 Thread 0x00000177593ecb70 Exception <a 'sun/nio/fs/WindowsException'{0x000000008c35c510}> (0x000000008c35c510) 
thrown [s\src\hotspot\share\prims\jni.cpp, line 517]
Event: 2090.830 Thread 0x00000177593ecb70 Exception <a 'sun/nio/fs/WindowsException'{0x000000008c35d918}> (0x000000008c35d918) 
thrown [s\src\hotspot\share\prims\jni.cpp, line 517]
Event: 2090.973 Thread 0x0000017757340bb0 Exception <a 'sun/nio/fs/WindowsException'{0x000000008bec1358}> (0x000000008bec1358) 
thrown [s\src\hotspot\share\prims\jni.cpp, line 517]
Event: 2091.255 Thread 0x0000017752777c80 Exception <a 'sun/nio/fs/WindowsException'{0x000000008ff70800}> (0x000000008ff70800) 
thrown [s\src\hotspot\share\prims\jni.cpp, line 517]
Event: 2091.311 Thread 0x0000017757341080 Exception <a 'sun/nio/fs/WindowsException'{0x000000008f835a48}> (0x000000008f835a48) 
thrown [s\src\hotspot\share\prims\jni.cpp, line 517]
Event: 2091.315 Thread 0x0000017757341080 Exception <a 'sun/nio/fs/WindowsException'{0x000000008f709968}> (0x000000008f709968) 
thrown [s\src\hotspot\share\prims\jni.cpp, line 517]
Event: 2091.337 Thread 0x00000177593ecb70 Exception <a 'sun/nio/fs/WindowsException'{0x000000008f7b7bb0}> (0x000000008f7b7bb0) 
thrown [s\src\hotspot\share\prims\jni.cpp, line 517]
Event: 2091.337 Thread 0x00000177593ecb70 Exception <a 'sun/nio/fs/WindowsException'{0x000000008f7b7fc0}> (0x000000008f7b7fc0) 
thrown [s\src\hotspot\share\prims\jni.cpp, line 517]
Event: 2091.337 Thread 0x00000177593ecb70 Exception <a 'sun/nio/fs/WindowsException'{0x000000008f7b9ea8}> (0x000000008f7b9ea8) 
thrown [s\src\hotspot\share\prims\jni.cpp, line 517]
Event: 2114.931 Thread 0x00000177593ecb70 Exception <a 'sun/nio/fs/WindowsException'{0x000000008d3f1780}> (0x000000008d3f1780) 
thrown [s\src\hotspot\share\prims\jni.cpp, line 517]
Event: 2115.051 Thread 0x00000177593ecb70 Exception <a 'sun/nio/fs/WindowsException'{0x000000008c4cbd30}> (0x000000008c4cbd30) 
thrown [s\src\hotspot\share\prims\jni.cpp, line 517]
Event: 2115.057 Thread 0x00000177593ecb70 Exception <a 'sun/nio/fs/WindowsException'{0x000000008c3630f8}> (0x000000008c3630f8) 
thrown [s\src\hotspot\share\prims\jni.cpp, line 517]
Event: 2115.057 Thread 0x00000177593ecb70 Exception <a 'sun/nio/fs/WindowsException'{0x000000008c3644b0}> (0x000000008c3644b0) 
thrown [s\src\hotspot\share\prims\jni.cpp, line 517]
Event: 2115.057 Thread 0x00000177593ecb70 Exception <a 'sun/nio/fs/WindowsException'{0x000000008c3658b8}> (0x000000008c3658b8) 
thrown [s\src\hotspot\share\prims\jni.cpp, line 517]
Event: 2115.057 Thread 0x00000177593ecb70 Exception <a 'sun/nio/fs/WindowsException'{0x000000008c366cc0}> (0x000000008c366cc0) 
thrown [s\src\hotspot\share\prims\jni.cpp, line 517]
Event: 2115.126 Thread 0x00000177593f0060 Exception <a 'sun/nio/fs/WindowsException'{0x000000008be2a878}> (0x000000008be2a878) 
thrown [s\src\hotspot\share\prims\jni.cpp, line 517]

VM Operations (20 events):
Event: 1651.018 Executing VM operation: Cleanup done
Event: 1762.079 Executing VM operation: Cleanup
Event: 1762.079 Executing VM operation: Cleanup done
Event: 1852.123 Executing VM operation: Cleanup
Event: 1852.123 Executing VM operation: Cleanup done
Event: 1942.166 Executing VM operation: Cleanup
Event: 1942.166 Executing VM operation: Cleanup done
Event: 2062.228 Executing VM operation: Cleanup
Event: 2062.229 Executing VM operation: Cleanup done
Event: 2091.052 Executing VM operation: ICBufferFull
Event: 2091.052 Executing VM operation: ICBufferFull done
Event: 2091.075 Executing VM operation: G1CollectForAllocation
Event: 2091.088 Executing VM operation: G1CollectForAllocation done
Event: 2091.100 Executing VM operation: G1CollectForAllocation
Event: 2091.122 Executing VM operation: G1CollectForAllocation done
Event: 2092.123 Executing VM operation: Cleanup
Event: 2092.123 Executing VM operation: Cleanup done
Event: 2115.134 Executing VM operation: Cleanup
Event: 2115.134 Executing VM operation: Cleanup done
Event: 2115.191 Executing VM operation: G1CollectForAllocation

Events (20 events):
Event: 2114.875 Thread 0x0000017757341550 Thread added: 0x0000017757341550
Event: 2114.876 Thread 0x0000017757340210 Thread added: 0x0000017757340210
Event: 2114.876 Thread 0x000001775733f3a0 Thread added: 0x000001775733f3a0
Event: 2114.876 Thread 0x0000017757341a20 Thread added: 0x0000017757341a20
Event: 2114.876 Thread 0x000001775733fd40 Thread added: 0x000001775733fd40
Event: 2114.876 Thread 0x0000017756c44ed0 Thread added: 0x0000017756c44ed0
Event: 2114.876 Thread 0x0000017756c44060 Thread added: 0x0000017756c44060
Event: 2114.876 Thread 0x0000017756c45d40 Thread added: 0x0000017756c45d40
Event: 2114.876 Thread 0x0000017756c42d20 Thread added: 0x0000017756c42d20
Event: 2114.876 Thread 0x0000017756c46210 Thread added: 0x0000017756c46210
Event: 2114.877 Thread 0x0000017756c436c0 Thread added: 0x0000017756c436c0
Event: 2114.877 Thread 0x0000017756c453a0 Thread added: 0x0000017756c453a0
Event: 2114.915 Thread 0x000001775b3c0330 Thread added: 0x000001775b3c0330
Event: 2114.940 Thread 0x00000177593ee380 Thread added: 0x00000177593ee380
Event: 2114.943 Thread 0x00000177593ed9e0 Thread added: 0x00000177593ed9e0
Event: 2115.116 Thread 0x00000177593f0060 Thread added: 0x00000177593f0060
Event: 2115.118 Thread 0x000001775b3c2e80 Thread added: 0x000001775b3c2e80
Event: 2115.118 Thread 0x000001775b3c24e0 Thread added: 0x000001775b3c24e0
Event: 2115.118 Thread 0x000001775b3c29b0 Thread added: 0x000001775b3c29b0
Event: 2115.120 Thread 0x000001775b3c3350 Thread added: 0x000001775b3c3350


Dynamic libraries:
0x00007ff62c7a0000 - 0x00007ff62c7aa000 	C:\Program Files\Android\Android Studio\jbr\bin\java.exe
0x00007ff859870000 - 0x00007ff859a67000 	C:\WINDOWS\SYSTEM32\ntdll.dll
0x00007ff858670000 - 0x00007ff85872d000 	C:\WINDOWS\System32\KERNEL32.DLL
0x00007ff857150000 - 0x00007ff857446000 	C:\WINDOWS\System32\KERNELBASE.dll
0x00007ff857740000 - 0x00007ff857840000 	C:\WINDOWS\System32\ucrtbase.dll
0x00007ff842d00000 - 0x00007ff842d17000 	C:\Program Files\Android\Android Studio\jbr\bin\jli.dll
0x00007ff80bcc0000 - 0x00007ff80bcdb000 	C:\Program Files\Android\Android Studio\jbr\bin\VCRUNTIME140.dll
0x00007ff859210000 - 0x00007ff8593ae000 	C:\WINDOWS\System32\USER32.dll
0x00007ff8570a0000 - 0x00007ff8570c2000 	C:\WINDOWS\System32\win32u.dll
0x00007ff850440000 - 0x00007ff8506da000 	C:\WINDOWS\WinSxS\amd64_microsoft.windows.common-controls_6595b64144ccf1df_6.0.19041.3570_none_60bb2a3971f3e41a\COMCTL32.dll
0x00007ff858a60000 - 0x00007ff858a8c000 	C:\WINDOWS\System32\GDI32.dll
0x00007ff8587a0000 - 0x00007ff85883e000 	C:\WINDOWS\System32\msvcrt.dll
0x00007ff8574c0000 - 0x00007ff8575da000 	C:\WINDOWS\System32\gdi32full.dll
0x00007ff857000000 - 0x00007ff85709d000 	C:\WINDOWS\System32\msvcp_win.dll
0x00007ff858dd0000 - 0x00007ff858e00000 	C:\WINDOWS\System32\IMM32.DLL
0x00007ff823b50000 - 0x00007ff823b5c000 	C:\Program Files\Android\Android Studio\jbr\bin\vcruntime140_1.dll
0x00007ff809640000 - 0x00007ff8096cd000 	C:\Program Files\Android\Android Studio\jbr\bin\msvcp140.dll
0x00007ff823fd0000 - 0x00007ff824c3e000 	C:\Program Files\Android\Android Studio\jbr\bin\server\jvm.dll
0x00007ff859720000 - 0x00007ff8597ce000 	C:\WINDOWS\System32\ADVAPI32.dll
0x00007ff858d10000 - 0x00007ff858dac000 	C:\WINDOWS\System32\sechost.dll
0x00007ff858920000 - 0x00007ff858a46000 	C:\WINDOWS\System32\RPCRT4.dll
0x00007ff8501b0000 - 0x00007ff8501b9000 	C:\WINDOWS\SYSTEM32\WSOCK32.dll
0x00007ff8519d0000 - 0x00007ff8519f7000 	C:\WINDOWS\SYSTEM32\WINMM.dll
0x00007ff858730000 - 0x00007ff85879b000 	C:\WINDOWS\System32\WS2_32.dll
0x00007ff84f4b0000 - 0x00007ff84f4ba000 	C:\WINDOWS\SYSTEM32\VERSION.dll
0x00007ff854d30000 - 0x00007ff854d42000 	C:\WINDOWS\SYSTEM32\kernel.appcore.dll
0x00007ff8501a0000 - 0x00007ff8501aa000 	C:\Program Files\Android\Android Studio\jbr\bin\jimage.dll
0x00007ff84f220000 - 0x00007ff84f404000 	C:\WINDOWS\SYSTEM32\DBGHELP.DLL
0x00007ff84fcd0000 - 0x00007ff84fd04000 	C:\WINDOWS\SYSTEM32\dbgcore.DLL
0x00007ff857840000 - 0x00007ff8578c2000 	C:\WINDOWS\System32\bcryptPrimitives.dll
0x00007ff845c50000 - 0x00007ff845c75000 	C:\Program Files\Android\Android Studio\jbr\bin\java.dll
0x00007ff849780000 - 0x00007ff849798000 	C:\Program Files\Android\Android Studio\jbr\bin\zip.dll
0x00007ff857da0000 - 0x00007ff8584e4000 	C:\WINDOWS\System32\SHELL32.dll
0x00007ff855010000 - 0x00007ff8557ab000 	C:\WINDOWS\SYSTEM32\windows.storage.dll
0x00007ff858e00000 - 0x00007ff859154000 	C:\WINDOWS\System32\combase.dll
0x00007ff8568c0000 - 0x00007ff8568ed000 	C:\WINDOWS\SYSTEM32\Wldp.dll
0x00007ff859160000 - 0x00007ff85920d000 	C:\WINDOWS\System32\SHCORE.dll
0x00007ff8597d0000 - 0x00007ff859825000 	C:\WINDOWS\System32\shlwapi.dll
0x00007ff856e80000 - 0x00007ff856ea5000 	C:\WINDOWS\SYSTEM32\profapi.dll
0x00007ff845280000 - 0x00007ff845299000 	C:\Program Files\Android\Android Studio\jbr\bin\net.dll
0x00007ff850c80000 - 0x00007ff850d8a000 	C:\WINDOWS\SYSTEM32\WINHTTP.dll
0x00007ff856620000 - 0x00007ff85668a000 	C:\WINDOWS\system32\mswsock.dll
0x00007ff842d20000 - 0x00007ff842d36000 	C:\Program Files\Android\Android Studio\jbr\bin\nio.dll
0x00007ff84ff60000 - 0x00007ff84ff70000 	C:\Program Files\Android\Android Studio\jbr\bin\verify.dll
0x00007ff84ff70000 - 0x00007ff84ff97000 	C:\Users\ManuelAlejandro\.gradle\native\68d5fa5c4cc2d200863cafc0d521ce42e7d3e7ee720ec0a83991735586a16f82\windows-amd64\native-platform.dll
0x00007ff804330000 - 0x00007ff804474000 	C:\Users\ManuelAlejandro\.gradle\native\e376f236ea51e6404a007f0833ffe2c6e607c4080706a723a18a27aeea778392\windows-amd64\native-platform-file-events.dll
0x00007ff84ca90000 - 0x00007ff84ca99000 	C:\Program Files\Android\Android Studio\jbr\bin\management.dll
0x00007ff84c990000 - 0x00007ff84c99b000 	C:\Program Files\Android\Android Studio\jbr\bin\management_ext.dll
0x00007ff858a50000 - 0x00007ff858a58000 	C:\WINDOWS\System32\PSAPI.DLL
0x00007ff856820000 - 0x00007ff856838000 	C:\WINDOWS\SYSTEM32\CRYPTSP.dll
0x00007ff855f30000 - 0x00007ff855f64000 	C:\WINDOWS\system32\rsaenh.dll
0x00007ff8570d0000 - 0x00007ff8570f7000 	C:\WINDOWS\System32\bcrypt.dll
0x00007ff856e40000 - 0x00007ff856e6e000 	C:\WINDOWS\SYSTEM32\USERENV.dll
0x00007ff856810000 - 0x00007ff85681c000 	C:\WINDOWS\SYSTEM32\CRYPTBASE.dll
0x00007ff856310000 - 0x00007ff85634b000 	C:\WINDOWS\SYSTEM32\IPHLPAPI.DLL
0x00007ff858d00000 - 0x00007ff858d08000 	C:\WINDOWS\System32\NSI.dll
0x00007ff851260000 - 0x00007ff851277000 	C:\WINDOWS\SYSTEM32\dhcpcsvc6.DLL
0x00007ff851cd0000 - 0x00007ff851ced000 	C:\WINDOWS\SYSTEM32\dhcpcsvc.DLL
0x00007ff856350000 - 0x00007ff85641a000 	C:\WINDOWS\SYSTEM32\DNSAPI.dll
0x00007ff845270000 - 0x00007ff845277000 	C:\WINDOWS\system32\wshunix.dll
0x00007ff846630000 - 0x00007ff846647000 	C:\WINDOWS\system32\napinsp.dll
0x00007ff846920000 - 0x00007ff84693b000 	C:\WINDOWS\system32\pnrpnsp.dll
0x00007ff8468a0000 - 0x00007ff8468b5000 	C:\WINDOWS\system32\wshbth.dll
0x00007ff8524a0000 - 0x00007ff8524bd000 	C:\WINDOWS\system32\NLAapi.dll
0x00007ff845a70000 - 0x00007ff845a82000 	C:\WINDOWS\System32\winrnr.dll
0x00007ff84f4c0000 - 0x00007ff84f4ca000 	C:\Windows\System32\rasadhlp.dll
0x00007ff84e930000 - 0x00007ff84e9b2000 	C:\WINDOWS\System32\fwpuclnt.dll
0x00007ff855fe0000 - 0x00007ff856013000 	C:\WINDOWS\SYSTEM32\ntmarta.dll
0x00007ff851d00000 - 0x00007ff851d1e000 	C:\Users\ManuelAlejandro\AppData\Local\Temp\native-platform15952325318240668265dir\native-platform.dll
0x00007ff854780000 - 0x00007ff854787000 	C:\Program Files\Android\Android Studio\jbr\bin\rmi.dll

dbghelp: loaded successfully - version: 4.0.5 - missing functions: none
symbol engine: initialized successfully - sym options: 0x614 - pdb path: .;C:\Program Files\Android\Android Studio\jbr\bin;C:\WINDOWS\SYSTEM32;C:\WINDOWS\WinSxS\amd64_microsoft.windows.common-controls_6595b64144ccf1df_6.0.19041.3570_none_60bb2a3971f3e41a;C:\Program Files\Android\Android Studio\jbr\bin\server;C:\Users\ManuelAlejandro\.gradle\native\68d5fa5c4cc2d200863cafc0d521ce42e7d3e7ee720ec0a83991735586a16f82\windows-amd64;C:\Users\ManuelAlejandro\.gradle\native\e376f236ea51e6404a007f0833ffe2c6e607c4080706a723a18a27aeea778392\windows-amd64;C:\Users\ManuelAlejandro\AppData\Local\Temp\native-platform15952325318240668265dir

VM Arguments:
jvm_args: --add-opens=java.base/java.util=ALL-UNNAMED --add-opens=java.base/java.lang=ALL-UNNAMED --add-opens=java.base/java.lang.invoke=ALL-UNNAMED --add-opens=java.prefs/java.util.prefs=ALL-UNNAMED --add-opens=java.base/java.nio.charset=ALL-UNNAMED --add-opens=java.base/java.net=ALL-UNNAMED --add-opens=java.base/java.util.concurrent.atomic=ALL-UNNAMED -Xmx2048m -Dfile.encoding=UTF-8 -Duser.country=ES -Duser.language=es -Duser.variant 
java_command: org.gradle.launcher.daemon.bootstrap.GradleDaemon 8.0
java_class_path (initial): C:\Users\ManuelAlejandro\.gradle\wrapper\dists\gradle-8.0-bin\ca5e32bp14vu59qr306oxotwh\gradle-8.0\lib\gradle-launcher-8.0.jar
Launcher Type: SUN_STANDARD

[Global flags]
     intx CICompilerCount                          = 3                                         {product} {ergonomic}
     uint ConcGCThreads                            = 1                                         {product} {ergonomic}
     uint G1ConcRefinementThreads                  = 4                                         {product} {ergonomic}
   size_t G1HeapRegionSize                         = 1048576                                   {product} {ergonomic}
    uintx GCDrainStackTargetSize                   = 64                                        {product} {ergonomic}
   size_t InitialHeapSize                          = 201326592                                 {product} {ergonomic}
   size_t MarkStackSize                            = 4194304                                   {product} {ergonomic}
   size_t MaxHeapSize                              = 2147483648                                {product} {command line}
   size_t MaxNewSize                               = 1287651328                                {product} {ergonomic}
   size_t MinHeapDeltaBytes                        = 1048576                                   {product} {ergonomic}
   size_t MinHeapSize                              = 8388608                                   {product} {ergonomic}
    uintx NonNMethodCodeHeapSize                   = 5832780                                {pd product} {ergonomic}
    uintx NonProfiledCodeHeapSize                  = 122912730                              {pd product} {ergonomic}
    uintx ProfiledCodeHeapSize                     = 122912730                              {pd product} {ergonomic}
    uintx ReservedCodeCacheSize                    = 251658240                              {pd product} {ergonomic}
     bool SegmentedCodeCache                       = true                                      {product} {ergonomic}
   size_t SoftMaxHeapSize                          = 2147483648                             {manageable} {ergonomic}
     bool UseCompressedClassPointers               = true                           {product lp64_product} {ergonomic}
     bool UseCompressedOops                        = true                           {product lp64_product} {ergonomic}
     bool UseG1GC                                  = true                                      {product} {ergonomic}
     bool UseLargePagesIndividualAllocation        = false                                  {pd product} {ergonomic}

Logging:
Log output configuration:
 #0: stdout all=warning uptime,level,tags
 #1: stderr all=off uptime,level,tags

Environment Variables:
PATH=C:\WINDOWS\system32;C:\WINDOWS;C:\WINDOWS\System32\Wbem;C:\WINDOWS\System32\WindowsPowerShell\v1.0\;C:\WINDOWS\System32\OpenSSH\;C:\Program Files\Microsoft SQL Server\Client SDK\ODBC\170\Tools\Binn\;C:\Program Files\Microsoft SQL Server\150\Tools\Binn\;C:\Program Files\dotnet\;C:\Program Files\Git\cmd;C:\Program Files (x86)\Subversion\bin;C:\Users\ManuelAlejandro\Downloads\mingw64\bin;C:\MinGW\bin;C:\Program Files\Cloudflare\Cloudflare WARP\;C:\Program Files\MySQL\MySQL Shell 8.0\bin\;C:\Users\ManuelAlejandro\AppData\Local\Microsoft\WindowsApps;C:\Users\ManuelAlejandro\.dotnet\tools;C:\Users\ManuelAlejandro\AppData\Local\Programs\Microsoft VS Code\bin
USERNAME=ManuelAlejandro
OS=Windows_NT
PROCESSOR_IDENTIFIER=Intel64 Family 6 Model 60 Stepping 3, GenuineIntel
TMP=C:\Users\MANUEL~1\AppData\Local\Temp
TEMP=C:\Users\MANUEL~1\AppData\Local\Temp


JNI global refs:
JNI global refs: 27, weak refs: 1

JNI global refs memory usage: 843, weak refs: 841


---------------  S Y S T E M  ---------------

OS:
 Windows 10 , 64 bit Build 19041 (10.0.19041.3570)
OS uptime: 0 days 21:59 hours

CPU: total 4 (initial active 4) (4 cores per cpu, 1 threads per core) family 6 model 60 stepping 3 microcode 0x27, cx8, cmov, fxsr, mmx, sse, sse2, sse3, ssse3, sse4.1, sse4.2, popcnt, lzcnt, tsc, tscinvbit, avx, avx2, aes, erms, clmul, bmi1, bmi2, fma, vzeroupper, clflush

Memory: 4k page, system-wide physical 12206M (1275M free)
TotalPageFile size 12206M (AvailPageFile size 430M)
current process WorkingSet (physical memory assigned to process): 553M, peak: 624M
current process commit charge ("private bytes"): 655M, peak: 1195M

vm_info: OpenJDK 64-Bit Server VM (17.0.6+0-b2043.56-10027231) for windows-amd64 JRE (17.0.6+0-b2043.56-10027231), built on Apr 28 2023 00:43:19 by "androidbuild" with MS VC++ 16.10 / 16.11 (VS2019)

END.
