#
# There is insufficient memory for the Java Runtime Environment to continue.
# Native memory allocation (mmap) failed to map 201326592 bytes for G1 virtual space
# Possible reasons:
#   The system is out of physical RAM or swap space
#   The process is running with CompressedOops enabled, and the Java Heap may be blocking the growth of the native heap
# Possible solutions:
#   Reduce memory load on the system
#   Increase physical memory or swap space
#   Check if swap backing store is full
#   Decrease Java heap size (-Xmx/-Xms)
#   Decrease number of Java threads
#   Decrease Java thread stack sizes (-Xss)
#   Set larger code cache with -XX:ReservedCodeCacheSize=
#   JVM is running with Zero Based Compressed Oops mode in which the Java heap is
#     placed in the first 32GB address space. The Java Heap base address is the
#     maximum limit for the native heap growth. Please use -XX:HeapBaseMinAddress
#     to set the Java Heap base and to place the Java Heap above 32GB virtual address.
# This output file may be truncated or incomplete.
#
#  Out of Memory Error (os_windows.cpp:3769), pid=3176, tid=13232
#
# JRE version:  (17.0.6) (build )
# Java VM: OpenJDK 64-Bit Server VM (17.0.6+0-b2043.56-10027231, mixed mode, sharing, tiered, compressed oops, compressed class ptrs, g1 gc, windows-amd64)
# No core dump will be written. Minidumps are not enabled by default on client versions of Windows
#

---------------  S U M M A R Y ------------

Command Line: git4idea.http.GitAskPassApp Username for 'https://github.com': 

Host: Intel(R) Core(TM) i5-4570 CPU @ 3.20GHz, 4 cores, 11G,  Windows 10 , 64 bit Build 19041 (10.0.19041.3570)
Time: Mon Nov 20 00:57:10 2023 Hora estándar de Cuba elapsed time: 0.055676 seconds (0d 0h 0m 0s)

---------------  T H R E A D  ---------------

Current thread (0x000001cbd887c1c0):  JavaThread "Unknown thread" [_thread_in_vm, id=13232, stack(0x00000075c6b00000,0x00000075c6c00000)]

Stack: [0x00000075c6b00000,0x00000075c6c00000]
Native frames: (J=compiled Java code, j=interpreted, Vv=VM code, C=native code)
V  [jvm.dll+0x683c9a]
V  [jvm.dll+0x8427a4]
V  [jvm.dll+0x843f9e]
V  [jvm.dll+0x844603]
V  [jvm.dll+0x249b75]
V  [jvm.dll+0x680b69]
V  [jvm.dll+0x67505a]
V  [jvm.dll+0x309acb]
V  [jvm.dll+0x310f86]
V  [jvm.dll+0x3608ee]
V  [jvm.dll+0x360b1f]
V  [jvm.dll+0x2dfbf8]
V  [jvm.dll+0x2e0b64]
V  [jvm.dll+0x814091]
V  [jvm.dll+0x36e6a1]
V  [jvm.dll+0x7f35cc]
V  [jvm.dll+0x3f0e8f]
V  [jvm.dll+0x3f29d1]
C  [jli.dll+0x526b]
C  [ucrtbase.dll+0x21bb2]
C  [KERNEL32.DLL+0x17344]
C  [ntdll.dll+0x526b1]


---------------  P R O C E S S  ---------------

Threads class SMR info:
_java_thread_list=0x00007ff824b0c058, length=0, elements={
}

Java Threads: ( => current thread )

Other Threads:
  0x000001cbd88d46f0 GCTaskThread "GC Thread#0" [stack: 0x00000075c6c00000,0x00000075c6d00000] [id=6788]
  0x000001cbd88e1b00 ConcurrentGCThread "G1 Main Marker" [stack: 0x00000075c6d00000,0x00000075c6e00000] [id=12440]
  0x000001cbd88e2cb0 ConcurrentGCThread "G1 Conc#0" [stack: 0x00000075c6e00000,0x00000075c6f00000] [id=4724]

[error occurred during error reporting (printing all threads), id 0xc0000005, EXCEPTION_ACCESS_VIOLATION (0xc0000005) at pc=0x00007ff8242c0797]

VM state: not at safepoint (not fully initialized)

VM Mutex/Monitor currently owned by a thread:  ([mutex/lock_event])
[0x000001cbd8878b50] Heap_lock - owner thread: 0x000001cbd887c1c0

Heap address: 0x0000000741400000, size: 3052 MB, Compressed Oops mode: Zero based, Oop shift amount: 3

CDS archive(s) mapped at: [0x0000000000000000-0x0000000000000000-0x0000000000000000), size 0, SharedBaseAddress: 0x0000000800000000, ArchiveRelocationMode: 0.
Narrow klass base: 0x0000000000000000, Narrow klass shift: 0, Narrow klass range: 0x0

GC Precious Log:
<Empty>

Heap:
 garbage-first heap   total 0K, used 0K [0x0000000741400000, 0x0000000800000000)
  region size 2048K, 0 young (0K), 0 survivors (0K)

[error occurred during error reporting (printing heap information), id 0xc0000005, EXCEPTION_ACCESS_VIOLATION (0xc0000005) at pc=0x00007ff8246ada89]

GC Heap History (0 events):
No events

Dll operation events (1 events):
Event: 0.023 Loaded shared library C:\Program Files\Android\Android Studio\jbr\bin\java.dll

Deoptimization events (0 events):
No events

Classes unloaded (0 events):
No events

Classes redefined (0 events):
No events

Internal exceptions (0 events):
No events

VM Operations (0 events):
No events

Events (0 events):
No events


Dynamic libraries:
0x00007ff62c7a0000 - 0x00007ff62c7aa000 	C:\Program Files\Android\Android Studio\jbr\bin\java.exe
0x00007ff859870000 - 0x00007ff859a67000 	C:\WINDOWS\SYSTEM32\ntdll.dll
0x00007ff858670000 - 0x00007ff85872d000 	C:\WINDOWS\System32\KERNEL32.DLL
0x00007ff857150000 - 0x00007ff857446000 	C:\WINDOWS\System32\KERNELBASE.dll
0x00007ff857740000 - 0x00007ff857840000 	C:\WINDOWS\System32\ucrtbase.dll
0x00007ff80bcc0000 - 0x00007ff80bcdb000 	C:\Program Files\Android\Android Studio\jbr\bin\VCRUNTIME140.dll
0x00007ff842d00000 - 0x00007ff842d17000 	C:\Program Files\Android\Android Studio\jbr\bin\jli.dll
0x00007ff859210000 - 0x00007ff8593ae000 	C:\WINDOWS\System32\USER32.dll
0x00007ff850440000 - 0x00007ff8506da000 	C:\WINDOWS\WinSxS\amd64_microsoft.windows.common-controls_6595b64144ccf1df_6.0.19041.3570_none_60bb2a3971f3e41a\COMCTL32.dll
0x00007ff8570a0000 - 0x00007ff8570c2000 	C:\WINDOWS\System32\win32u.dll
0x00007ff858a60000 - 0x00007ff858a8c000 	C:\WINDOWS\System32\GDI32.dll
0x00007ff8587a0000 - 0x00007ff85883e000 	C:\WINDOWS\System32\msvcrt.dll
0x00007ff8574c0000 - 0x00007ff8575da000 	C:\WINDOWS\System32\gdi32full.dll
0x00007ff857000000 - 0x00007ff85709d000 	C:\WINDOWS\System32\msvcp_win.dll
0x00007ff858dd0000 - 0x00007ff858e00000 	C:\WINDOWS\System32\IMM32.DLL
0x00007ff823b50000 - 0x00007ff823b5c000 	C:\Program Files\Android\Android Studio\jbr\bin\vcruntime140_1.dll
0x00007ff809640000 - 0x00007ff8096cd000 	C:\Program Files\Android\Android Studio\jbr\bin\msvcp140.dll
0x00007ff823fd0000 - 0x00007ff824c3e000 	C:\Program Files\Android\Android Studio\jbr\bin\server\jvm.dll
0x00007ff859720000 - 0x00007ff8597ce000 	C:\WINDOWS\System32\ADVAPI32.dll
0x00007ff858d10000 - 0x00007ff858dac000 	C:\WINDOWS\System32\sechost.dll
0x00007ff858920000 - 0x00007ff858a46000 	C:\WINDOWS\System32\RPCRT4.dll
0x00007ff8501b0000 - 0x00007ff8501b9000 	C:\WINDOWS\SYSTEM32\WSOCK32.dll
0x00007ff858730000 - 0x00007ff85879b000 	C:\WINDOWS\System32\WS2_32.dll
0x00007ff8519d0000 - 0x00007ff8519f7000 	C:\WINDOWS\SYSTEM32\WINMM.dll
0x00007ff84f4b0000 - 0x00007ff84f4ba000 	C:\WINDOWS\SYSTEM32\VERSION.dll
0x00007ff854d30000 - 0x00007ff854d42000 	C:\WINDOWS\SYSTEM32\kernel.appcore.dll
0x00007ff8501a0000 - 0x00007ff8501aa000 	C:\Program Files\Android\Android Studio\jbr\bin\jimage.dll
0x00007ff84f220000 - 0x00007ff84f404000 	C:\WINDOWS\SYSTEM32\DBGHELP.DLL
0x00007ff84fcd0000 - 0x00007ff84fd04000 	C:\WINDOWS\SYSTEM32\dbgcore.DLL
0x00007ff857840000 - 0x00007ff8578c2000 	C:\WINDOWS\System32\bcryptPrimitives.dll
0x00007ff845c50000 - 0x00007ff845c75000 	C:\Program Files\Android\Android Studio\jbr\bin\java.dll

dbghelp: loaded successfully - version: 4.0.5 - missing functions: none
symbol engine: initialized successfully - sym options: 0x614 - pdb path: .;C:\Program Files\Android\Android Studio\jbr\bin;C:\WINDOWS\SYSTEM32;C:\WINDOWS\WinSxS\amd64_microsoft.windows.common-controls_6595b64144ccf1df_6.0.19041.3570_none_60bb2a3971f3e41a;C:\Program Files\Android\Android Studio\jbr\bin\server

VM Arguments:
java_command: git4idea.http.GitAskPassApp Username for 'https://github.com': 
java_class_path (initial): C:/Program Files/Android/Android Studio/plugins/vcs-git/lib/git4idea-rt.jar;C:/Program Files/Android/Android Studio/lib/externalProcess-rt.jar;C:/Program Files/Android/Android Studio/lib/app.jar;C:/Program Files/Android/Android Studio/lib/3rd-party-rt.jar
Launcher Type: SUN_STANDARD

[Global flags]
     intx CICompilerCount                          = 3                                         {product} {ergonomic}
     uint ConcGCThreads                            = 1                                         {product} {ergonomic}
     uint G1ConcRefinementThreads                  = 4                                         {product} {ergonomic}
   size_t G1HeapRegionSize                         = 2097152                                   {product} {ergonomic}
    uintx GCDrainStackTargetSize                   = 64                                        {product} {ergonomic}
   size_t InitialHeapSize                          = 201326592                                 {product} {ergonomic}
   size_t MarkStackSize                            = 4194304                                   {product} {ergonomic}
   size_t MaxHeapSize                              = 3200253952                                {product} {ergonomic}
   size_t MinHeapDeltaBytes                        = 2097152                                   {product} {ergonomic}
   size_t MinHeapSize                              = 8388608                                   {product} {ergonomic}
    uintx NonNMethodCodeHeapSize                   = 5832780                                {pd product} {ergonomic}
    uintx NonProfiledCodeHeapSize                  = 122912730                              {pd product} {ergonomic}
    uintx ProfiledCodeHeapSize                     = 122912730                              {pd product} {ergonomic}
    uintx ReservedCodeCacheSize                    = 251658240                              {pd product} {ergonomic}
     bool SegmentedCodeCache                       = true                                      {product} {ergonomic}
   size_t SoftMaxHeapSize                          = 3200253952                             {manageable} {ergonomic}
     bool UseCompressedClassPointers               = true                           {product lp64_product} {ergonomic}
     bool UseCompressedOops                        = true                           {product lp64_product} {ergonomic}
     bool UseG1GC                                  = true                                      {product} {ergonomic}
     bool UseLargePagesIndividualAllocation        = false                                  {pd product} {ergonomic}

Logging:
Log output configuration:
 #0: stdout all=warning uptime,level,tags
 #1: stderr all=off uptime,level,tags

Environment Variables:
PATH=C:/Program Files/Git/mingw64/libexec/git-core;C:/Program Files/Git/mingw64/libexec/git-core;C:\Program Files\Git\mingw64\bin;C:\Program Files\Git\usr\bin;C:\Users\ManuelAlejandro\bin;C:\WINDOWS\system32;C:\WINDOWS;C:\WINDOWS\System32\Wbem;C:\WINDOWS\System32\WindowsPowerShell\v1.0\;C:\WINDOWS\System32\OpenSSH\;C:\Program Files\Microsoft SQL Server\Client SDK\ODBC\170\Tools\Binn\;C:\Program Files\Microsoft SQL Server\150\Tools\Binn\;C:\Program Files\dotnet\;C:\Program Files\Git\cmd;C:\Program Files (x86)\Subversion\bin;C:\Users\ManuelAlejandro\Downloads\mingw64\bin;C:\MinGW\bin;C:\Program Files\Cloudflare\Cloudflare WARP\;C:\Program Files\MySQL\MySQL Shell 8.0\bin\;C:\Users\ManuelAlejandro\AppData\Local\Microsoft\WindowsApps;C:\Users\ManuelAlejandro\.dotnet\tools;C:\Users\ManuelAlejandro\AppData\Local\Programs\Microsoft VS Code\bin
USERNAME=ManuelAlejandro
DISPLAY=:0.0
LC_ALL=en_US.UTF-8
TERM=xterm-256color
TMPDIR=C:\Users\MANUEL~1\AppData\Local\Temp
OS=Windows_NT
PROCESSOR_IDENTIFIER=Intel64 Family 6 Model 60 Stepping 3, GenuineIntel
TMP=C:\Users\MANUEL~1\AppData\Local\Temp
TEMP=C:\Users\MANUEL~1\AppData\Local\Temp


JNI global refs:

[error occurred during error reporting (JNI global references), id 0xc0000005, EXCEPTION_ACCESS_VIOLATION (0xc0000005) at pc=0x00007ff824087a10]


---------------  S Y S T E M  ---------------

OS:
 Windows 10 , 64 bit Build 19041 (10.0.19041.3570)
OS uptime: 0 days 22:56 hours

CPU: total 4 (initial active 4) (4 cores per cpu, 1 threads per core) family 6 model 60 stepping 3 microcode 0x27, cx8, cmov, fxsr, mmx, sse, sse2, sse3, ssse3, sse4.1, sse4.2, popcnt, lzcnt, tsc, tscinvbit, avx, avx2, aes, erms, clmul, bmi1, bmi2, fma, vzeroupper, clflush

Memory: 4k page, system-wide physical 12206M (1128M free)
TotalPageFile size 12206M (AvailPageFile size 31M)
current process WorkingSet (physical memory assigned to process): 10M, peak: 10M
current process commit charge ("private bytes"): 51M, peak: 243M

vm_info: OpenJDK 64-Bit Server VM (17.0.6+0-b2043.56-10027231) for windows-amd64 JRE (17.0.6+0-b2043.56-10027231), built on Apr 28 2023 00:43:19 by "androidbuild" with MS VC++ 16.10 / 16.11 (VS2019)

END.
